  [1m[35m (0.2ms)[0m  [1m[35mSET NAMES utf8,  @@SESSION.sql_mode = CONCAT(CONCAT(@@sql_mode, ',STRICT_ALL_TABLES'), ',NO_AUTO_VALUE_ON_ZERO'),  @@SESSION.sql_auto_is_null = 0, @@SESSION.wait_timeout = 2147483[0m
  ↳ bin/rails:9
  [1m[35m (0.1ms)[0m  [1m[34mSELECT `schema_migrations`.`version` FROM `schema_migrations` ORDER BY `schema_migrations`.`version` ASC[0m
  ↳ bin/rails:9
  [1m[35m (0.2ms)[0m  [1m[34mSELECT `ar_internal_metadata`.`value` FROM `ar_internal_metadata` WHERE `ar_internal_metadata`.`key` = 'environment'[0m
  ↳ bin/rails:9
  [1m[35m (0.1ms)[0m  [1m[34mSELECT `schema_migrations`.`version` FROM `schema_migrations` ORDER BY `schema_migrations`.`version` ASC[0m
  ↳ bin/rails:9
  [1m[35m (0.1ms)[0m  [1m[34mSELECT `ar_internal_metadata`.`value` FROM `ar_internal_metadata` WHERE `ar_internal_metadata`.`key` = 'environment'[0m
  ↳ bin/rails:9
  [1m[35m (0.1ms)[0m  [1m[34mSELECT `schema_migrations`.`version` FROM `schema_migrations` ORDER BY `schema_migrations`.`version` ASC[0m
  ↳ bin/rails:9
  [1m[35m (0.1ms)[0m  [1m[34mSELECT `ar_internal_metadata`.`value` FROM `ar_internal_metadata` WHERE `ar_internal_metadata`.`key` = 'environment'[0m
  ↳ bin/rails:9
  [1m[35m (0.1ms)[0m  [1m[35mSET NAMES utf8,  @@SESSION.sql_mode = CONCAT(CONCAT(@@sql_mode, ',STRICT_ALL_TABLES'), ',NO_AUTO_VALUE_ON_ZERO'),  @@SESSION.sql_auto_is_null = 0, @@SESSION.wait_timeout = 2147483[0m
  ↳ bin/rails:9
  [1m[35m (37.8ms)[0m  [1m[35mDROP DATABASE IF EXISTS `myapp_development`[0m
  ↳ bin/rails:9
  [1m[35m (0.2ms)[0m  [1m[35mSET NAMES utf8,  @@SESSION.sql_mode = CONCAT(CONCAT(@@sql_mode, ',STRICT_ALL_TABLES'), ',NO_AUTO_VALUE_ON_ZERO'),  @@SESSION.sql_auto_is_null = 0, @@SESSION.wait_timeout = 2147483[0m
  ↳ bin/rails:9
  [1m[35m (3.2ms)[0m  [1m[35mDROP DATABASE IF EXISTS `myapp_test`[0m
  ↳ bin/rails:9
  [1m[35m (0.2ms)[0m  [1m[35mSET NAMES utf8,  @@SESSION.sql_mode = CONCAT(CONCAT(@@sql_mode, ',STRICT_ALL_TABLES'), ',NO_AUTO_VALUE_ON_ZERO'),  @@SESSION.sql_auto_is_null = 0, @@SESSION.wait_timeout = 2147483[0m
  ↳ bin/rails:9
  [1m[35m (1.7ms)[0m  [1m[35mCREATE DATABASE `myapp_development` DEFAULT CHARACTER SET `utf8`[0m
  ↳ bin/rails:9
  [1m[35m (0.5ms)[0m  [1m[35mSET NAMES utf8,  @@SESSION.sql_mode = CONCAT(CONCAT(@@sql_mode, ',STRICT_ALL_TABLES'), ',NO_AUTO_VALUE_ON_ZERO'),  @@SESSION.sql_auto_is_null = 0, @@SESSION.wait_timeout = 2147483[0m
  ↳ bin/rails:9
  [1m[35m (1.9ms)[0m  [1m[35mCREATE DATABASE `myapp_test` DEFAULT CHARACTER SET `utf8`[0m
  ↳ bin/rails:9
  [1m[35m (0.2ms)[0m  [1m[35mSET NAMES utf8,  @@SESSION.sql_mode = CONCAT(CONCAT(@@sql_mode, ',STRICT_ALL_TABLES'), ',NO_AUTO_VALUE_ON_ZERO'),  @@SESSION.sql_auto_is_null = 0, @@SESSION.wait_timeout = 2147483[0m
  ↳ bin/rails:9
  [1m[35m (9.7ms)[0m  [1m[35mCREATE TABLE `schema_migrations` (`version` varchar(255) NOT NULL PRIMARY KEY)[0m
  ↳ bin/rails:9
  [1m[35m (9.9ms)[0m  [1m[35mCREATE TABLE `ar_internal_metadata` (`key` varchar(255) NOT NULL PRIMARY KEY, `value` varchar(255), `created_at` datetime NOT NULL, `updated_at` datetime NOT NULL)[0m
  ↳ bin/rails:9
  [1m[35m (0.2ms)[0m  [1m[34mSELECT GET_LOCK('7864839756650184315', 0)[0m
  ↳ bin/rails:9
  [1m[35m (0.4ms)[0m  [1m[34mSELECT `schema_migrations`.`version` FROM `schema_migrations` ORDER BY `schema_migrations`.`version` ASC[0m
  ↳ bin/rails:9
Migrating to CreateUsers (20190610062657)
  [1m[35m (9.2ms)[0m  [1m[35mCREATE TABLE `users` (`id` bigint NOT NULL AUTO_INCREMENT PRIMARY KEY, `name` varchar(255) NOT NULL, `email` varchar(255) NOT NULL, `password_digest` varchar(255), `role` int DEFAULT 2 NOT NULL, `created_at` datetime NOT NULL, `updated_at` datetime NOT NULL)[0m
  ↳ db/migrate/20190610062657_create_users.rb:3
  [1m[35m (6.4ms)[0m  [1m[35mCREATE UNIQUE INDEX `index_users_on_email`  ON `users` (`email`) [0m
  ↳ db/migrate/20190610062657_create_users.rb:11
  [1m[35m (0.1ms)[0m  [1m[35mBEGIN[0m
  ↳ bin/rails:9
  [1m[36mActiveRecord::SchemaMigration Create (0.3ms)[0m  [1m[32mINSERT INTO `schema_migrations` (`version`) VALUES ('20190610062657')[0m
  ↳ bin/rails:9
  [1m[35m (1.0ms)[0m  [1m[35mCOMMIT[0m
  ↳ bin/rails:9
Migrating to CreateCourses (20190610062738)
  [1m[35m (9.0ms)[0m  [1m[35mCREATE TABLE `courses` (`id` bigint NOT NULL AUTO_INCREMENT PRIMARY KEY, `title` varchar(255) NOT NULL, `created_by` int NOT NULL, `description` text, `created_at` datetime NOT NULL, `updated_at` datetime NOT NULL)[0m
  ↳ db/migrate/20190610062738_create_courses.rb:3
  [1m[35m (0.1ms)[0m  [1m[35mBEGIN[0m
  ↳ bin/rails:9
  [1m[36mActiveRecord::SchemaMigration Create (0.8ms)[0m  [1m[32mINSERT INTO `schema_migrations` (`version`) VALUES ('20190610062738')[0m
  ↳ bin/rails:9
  [1m[35m (0.6ms)[0m  [1m[35mCOMMIT[0m
  ↳ bin/rails:9
Migrating to CreateUserCourses (20190610063158)
  [1m[35m (9.8ms)[0m  [1m[35mCREATE TABLE `user_courses` (`id` bigint NOT NULL AUTO_INCREMENT PRIMARY KEY, `user_id` int NOT NULL, `course_id` int NOT NULL, `assigned_by` int NOT NULL, `status` int DEFAULT 0 NOT NULL, `deadline` datetime, `created_at` datetime NOT NULL, `updated_at` datetime NOT NULL)[0m
  ↳ db/migrate/20190610063158_create_user_courses.rb:3
  [1m[35m (0.2ms)[0m  [1m[35mBEGIN[0m
  ↳ bin/rails:9
  [1m[36mActiveRecord::SchemaMigration Create (0.2ms)[0m  [1m[32mINSERT INTO `schema_migrations` (`version`) VALUES ('20190610063158')[0m
  ↳ bin/rails:9
  [1m[35m (0.6ms)[0m  [1m[35mCOMMIT[0m
  ↳ bin/rails:9
Migrating to CreateSubjects (20190610063225)
  [1m[35m (9.5ms)[0m  [1m[35mCREATE TABLE `subjects` (`id` bigint NOT NULL AUTO_INCREMENT PRIMARY KEY, `title` varchar(255) NOT NULL, `created_by` int NOT NULL, `description` text, `created_at` datetime NOT NULL, `updated_at` datetime NOT NULL)[0m
  ↳ db/migrate/20190610063225_create_subjects.rb:3
  [1m[35m (0.2ms)[0m  [1m[35mBEGIN[0m
  ↳ bin/rails:9
  [1m[36mActiveRecord::SchemaMigration Create (0.2ms)[0m  [1m[32mINSERT INTO `schema_migrations` (`version`) VALUES ('20190610063225')[0m
  ↳ bin/rails:9
  [1m[35m (0.8ms)[0m  [1m[35mCOMMIT[0m
  ↳ bin/rails:9
Migrating to CreateTasks (20190610063242)
  [1m[35m (9.1ms)[0m  [1m[35mCREATE TABLE `tasks` (`id` bigint NOT NULL AUTO_INCREMENT PRIMARY KEY, `title` varchar(255) NOT NULL, `subject_id` int NOT NULL, `description` text, `created_at` datetime NOT NULL, `updated_at` datetime NOT NULL)[0m
  ↳ db/migrate/20190610063242_create_tasks.rb:3
  [1m[35m (0.1ms)[0m  [1m[35mBEGIN[0m
  ↳ bin/rails:9
  [1m[36mActiveRecord::SchemaMigration Create (0.7ms)[0m  [1m[32mINSERT INTO `schema_migrations` (`version`) VALUES ('20190610063242')[0m
  ↳ bin/rails:9
  [1m[35m (0.9ms)[0m  [1m[35mCOMMIT[0m
  ↳ bin/rails:9
Migrating to CreateUserTasks (20190610063329)
  [1m[35m (8.8ms)[0m  [1m[35mCREATE TABLE `user_tasks` (`id` bigint NOT NULL AUTO_INCREMENT PRIMARY KEY, `user_id` int NOT NULL, `task_id` int NOT NULL, `status` int DEFAULT 0 NOT NULL, `created_at` datetime NOT NULL, `updated_at` datetime NOT NULL)[0m
  ↳ db/migrate/20190610063329_create_user_tasks.rb:3
  [1m[35m (0.2ms)[0m  [1m[35mBEGIN[0m
  ↳ bin/rails:9
  [1m[36mActiveRecord::SchemaMigration Create (0.8ms)[0m  [1m[32mINSERT INTO `schema_migrations` (`version`) VALUES ('20190610063329')[0m
  ↳ bin/rails:9
  [1m[35m (1.3ms)[0m  [1m[35mCOMMIT[0m
  ↳ bin/rails:9
Migrating to CreateCourseSubjects (20190610063353)
  [1m[35m (8.7ms)[0m  [1m[35mCREATE TABLE `course_subjects` (`id` bigint NOT NULL AUTO_INCREMENT PRIMARY KEY, `course_id` int NOT NULL, `subject_id` int NOT NULL, `status` int DEFAULT 0 NOT NULL, `created_at` datetime NOT NULL, `updated_at` datetime NOT NULL)[0m
  ↳ db/migrate/20190610063353_create_course_subjects.rb:3
  [1m[35m (0.2ms)[0m  [1m[35mBEGIN[0m
  ↳ bin/rails:9
  [1m[36mActiveRecord::SchemaMigration Create (0.2ms)[0m  [1m[32mINSERT INTO `schema_migrations` (`version`) VALUES ('20190610063353')[0m
  ↳ bin/rails:9
  [1m[35m (0.8ms)[0m  [1m[35mCOMMIT[0m
  ↳ bin/rails:9
Migrating to CreateUserSubjects (20190610063429)
  [1m[35m (9.7ms)[0m  [1m[35mCREATE TABLE `user_subjects` (`id` bigint NOT NULL AUTO_INCREMENT PRIMARY KEY, `user_id` int NOT NULL, `course_subject_id` int NOT NULL, `status` int DEFAULT 0 NOT NULL, `deadline` datetime, `created_at` datetime NOT NULL, `updated_at` datetime NOT NULL)[0m
  ↳ db/migrate/20190610063429_create_user_subjects.rb:3
  [1m[35m (0.2ms)[0m  [1m[35mBEGIN[0m
  ↳ bin/rails:9
  [1m[36mActiveRecord::SchemaMigration Create (0.4ms)[0m  [1m[32mINSERT INTO `schema_migrations` (`version`) VALUES ('20190610063429')[0m
  ↳ bin/rails:9
  [1m[35m (0.9ms)[0m  [1m[35mCOMMIT[0m
  ↳ bin/rails:9
Migrating to CreateReports (20190610063455)
  [1m[35m (9.3ms)[0m  [1m[35mCREATE TABLE `reports` (`id` bigint NOT NULL AUTO_INCREMENT PRIMARY KEY, `user_id` int NOT NULL, `user_course_id` int NOT NULL, `content` text NOT NULL, `created_at` datetime NOT NULL, `updated_at` datetime NOT NULL)[0m
  ↳ db/migrate/20190610063455_create_reports.rb:3
  [1m[35m (0.2ms)[0m  [1m[35mBEGIN[0m
  ↳ bin/rails:9
  [1m[36mActiveRecord::SchemaMigration Create (0.3ms)[0m  [1m[32mINSERT INTO `schema_migrations` (`version`) VALUES ('20190610063455')[0m
  ↳ bin/rails:9
  [1m[35m (0.9ms)[0m  [1m[35mCOMMIT[0m
  ↳ bin/rails:9
  [1m[36mActiveRecord::InternalMetadata Load (0.7ms)[0m  [1m[34mSELECT  `ar_internal_metadata`.* FROM `ar_internal_metadata` WHERE `ar_internal_metadata`.`key` = 'environment' LIMIT 1[0m
  ↳ bin/rails:9
  [1m[35m (0.5ms)[0m  [1m[35mBEGIN[0m
  ↳ bin/rails:9
  [1m[36mActiveRecord::InternalMetadata Create (0.8ms)[0m  [1m[32mINSERT INTO `ar_internal_metadata` (`key`, `value`, `created_at`, `updated_at`) VALUES ('environment', 'development', '2019-06-11 06:24:04', '2019-06-11 06:24:04')[0m
  ↳ bin/rails:9
  [1m[35m (0.9ms)[0m  [1m[35mCOMMIT[0m
  ↳ bin/rails:9
  [1m[35m (0.1ms)[0m  [1m[34mSELECT RELEASE_LOCK('7864839756650184315')[0m
  ↳ bin/rails:9
  [1m[35m (0.2ms)[0m  [1m[34mSELECT `schema_migrations`.`version` FROM `schema_migrations` ORDER BY `schema_migrations`.`version` ASC[0m
  ↳ bin/rails:9
  [1m[35m (0.2ms)[0m  [1m[35mSET NAMES utf8,  @@SESSION.sql_mode = CONCAT(CONCAT(@@sql_mode, ',STRICT_ALL_TABLES'), ',NO_AUTO_VALUE_ON_ZERO'),  @@SESSION.sql_auto_is_null = 0, @@SESSION.wait_timeout = 2147483[0m
  ↳ bin/rails:9
  [1m[35m (0.1ms)[0m  [1m[34mSELECT `schema_migrations`.`version` FROM `schema_migrations` ORDER BY `schema_migrations`.`version` ASC[0m
  ↳ bin/rails:9
  [1m[35m (0.1ms)[0m  [1m[35mBEGIN[0m
  ↳ db/seeds.rb:8
  [1m[36mUser Exists (0.2ms)[0m  [1m[34mSELECT  1 AS one FROM `users` WHERE `users`.`email` = 'admin@sun-asterisk.com' LIMIT 1[0m
  ↳ db/seeds.rb:8
  [1m[36mUser Create (0.2ms)[0m  [1m[32mINSERT INTO `users` (`name`, `email`, `password_digest`, `role`, `created_at`, `updated_at`) VALUES ('admin', 'admin@sun-asterisk.com', '$2a$12$TGsnvz6qBeQtGk8EOqwXeOiEDE38uJamSGiXsn8uv1pGtK3/kZE9C', 0, '2019-06-11 06:26:42', '2019-06-11 06:26:42')[0m
  ↳ db/seeds.rb:8
  [1m[35m (1.1ms)[0m  [1m[35mCOMMIT[0m
  ↳ db/seeds.rb:8
  [1m[35m (0.2ms)[0m  [1m[35mBEGIN[0m
  ↳ db/seeds.rb:16
  [1m[36mUser Exists (0.2ms)[0m  [1m[34mSELECT  1 AS one FROM `users` WHERE `users`.`email` = 'supervisor@sun-asterisk.com' LIMIT 1[0m
  ↳ db/seeds.rb:16
  [1m[36mUser Create (0.2ms)[0m  [1m[32mINSERT INTO `users` (`name`, `email`, `password_digest`, `role`, `created_at`, `updated_at`) VALUES ('supervisor', 'supervisor@sun-asterisk.com', '$2a$12$3nUHE2PCoH2IWuYh3WixsebR97mmmwic3Jsfh3BbVsrn9j91tM7BG', 1, '2019-06-11 06:26:42', '2019-06-11 06:26:42')[0m
  ↳ db/seeds.rb:16
  [1m[35m (0.8ms)[0m  [1m[35mCOMMIT[0m
  ↳ db/seeds.rb:16
  [1m[35m (0.1ms)[0m  [1m[35mBEGIN[0m
  ↳ db/seeds.rb:24
  [1m[36mUser Exists (0.2ms)[0m  [1m[34mSELECT  1 AS one FROM `users` WHERE `users`.`email` = 'trainee@sun-asterisk.com' LIMIT 1[0m
  ↳ db/seeds.rb:24
  [1m[36mUser Create (0.2ms)[0m  [1m[32mINSERT INTO `users` (`name`, `email`, `password_digest`, `created_at`, `updated_at`) VALUES ('trainee', 'trainee@sun-asterisk.com', '$2a$12$w3Wk/Cb5id9fwge830au2uNy3SwRspTL56GO3NHBsz4IlJrCtBJNy', '2019-06-11 06:26:42', '2019-06-11 06:26:42')[0m
  ↳ db/seeds.rb:24
  [1m[35m (0.7ms)[0m  [1m[35mCOMMIT[0m
  ↳ db/seeds.rb:24
Started GET "/" for ::1 at 2019-06-11 13:31:17 +0700
  [1m[35m (0.2ms)[0m  [1m[35mSET NAMES utf8,  @@SESSION.sql_mode = CONCAT(CONCAT(@@sql_mode, ',STRICT_ALL_TABLES'), ',NO_AUTO_VALUE_ON_ZERO'),  @@SESSION.sql_auto_is_null = 0, @@SESSION.wait_timeout = 2147483[0m
  ↳ /home/nguyen.thanh.tu/.rbenv/versions/2.5.5/lib/ruby/gems/2.5.0/gems/activerecord-5.2.3/lib/active_record/log_subscriber.rb:98
  [1m[35m (0.3ms)[0m  [1m[34mSELECT `schema_migrations`.`version` FROM `schema_migrations` ORDER BY `schema_migrations`.`version` ASC[0m
  ↳ /home/nguyen.thanh.tu/.rbenv/versions/2.5.5/lib/ruby/gems/2.5.0/gems/activerecord-5.2.3/lib/active_record/log_subscriber.rb:98
Processing by PagesController#index as HTML
  Rendering pages/index.html.erb within layouts/application
  Rendered pages/index.html.erb within layouts/application (0.8ms)
  Rendered layouts/_sidebar.html.erb (219.7ms)
Completed 500 Internal Server Error in 1609ms (ActiveRecord: 0.0ms)


  
ActionView::Template::Error (undefined local variable or method `new_user_path' for #<#<Class:0x000055604d3ec828>:0x000055604d3bbbb0>):
    27:     <div id="collapseTwo" class="collapse" aria-labelledby="headingTwo" data-parent="#accordionSidebar">
    28:       <div class="bg-white py-2 collapse-inner rounded">
    29:         <h6 class="collapse-header">Operations:</h6>
    30:         <%= link_to "Create accounts", new_user_path, class: "collapse-item" %>
    31:         <%= link_to "Accounts list", users_path, class: "collapse-item" %>
    32:       </div>
    33:     </div>
  
app/views/layouts/_sidebar.html.erb:30:in `_app_views_layouts__sidebar_html_erb__4186887908970280364_70095001961540'
app/views/layouts/application.html.erb:12:in `_app_views_layouts_application_html_erb__2540462880394859335_46936050382080'
Started GET "/" for ::1 at 2019-06-11 13:39:13 +0700
  [1m[35m (0.3ms)[0m  [1m[35mSET NAMES utf8,  @@SESSION.sql_mode = CONCAT(CONCAT(@@sql_mode, ',STRICT_ALL_TABLES'), ',NO_AUTO_VALUE_ON_ZERO'),  @@SESSION.sql_auto_is_null = 0, @@SESSION.wait_timeout = 2147483[0m
  ↳ /home/nguyen.thanh.tu/.rbenv/versions/2.5.5/lib/ruby/gems/2.5.0/gems/activerecord-5.2.3/lib/active_record/log_subscriber.rb:98
  [1m[35m (0.2ms)[0m  [1m[34mSELECT `schema_migrations`.`version` FROM `schema_migrations` ORDER BY `schema_migrations`.`version` ASC[0m
  ↳ /home/nguyen.thanh.tu/.rbenv/versions/2.5.5/lib/ruby/gems/2.5.0/gems/activerecord-5.2.3/lib/active_record/log_subscriber.rb:98
Processing by PagesController#index as HTML
Redirected to http://localhost:3000/login
Filter chain halted as :require_login rendered or redirected
Completed 302 Found in 6ms (ActiveRecord: 0.0ms)


Started GET "/login" for ::1 at 2019-06-11 13:39:13 +0700
Processing by SessionsController#new as HTML
  Rendering sessions/new.html.erb
  Rendered layouts/utils/_flash.html.erb (0.3ms)
  Rendered sessions/new.html.erb (172.3ms)
Completed 200 OK in 177ms (Views: 176.5ms | ActiveRecord: 0.0ms)


Started GET "/login" for ::1 at 2019-06-11 13:39:31 +0700
  [1m[35m (0.2ms)[0m  [1m[35mSET NAMES utf8,  @@SESSION.sql_mode = CONCAT(CONCAT(@@sql_mode, ',STRICT_ALL_TABLES'), ',NO_AUTO_VALUE_ON_ZERO'),  @@SESSION.sql_auto_is_null = 0, @@SESSION.wait_timeout = 2147483[0m
  ↳ /home/nguyen.thanh.tu/.rbenv/versions/2.5.5/lib/ruby/gems/2.5.0/gems/activerecord-5.2.3/lib/active_record/log_subscriber.rb:98
  [1m[35m (0.3ms)[0m  [1m[34mSELECT `schema_migrations`.`version` FROM `schema_migrations` ORDER BY `schema_migrations`.`version` ASC[0m
  ↳ /home/nguyen.thanh.tu/.rbenv/versions/2.5.5/lib/ruby/gems/2.5.0/gems/activerecord-5.2.3/lib/active_record/log_subscriber.rb:98
Processing by SessionsController#new as HTML
  Rendering sessions/new.html.erb
  Rendered layouts/utils/_flash.html.erb (0.3ms)
  Rendered sessions/new.html.erb (206.4ms)
Completed 200 OK in 215ms (Views: 210.0ms | ActiveRecord: 0.0ms)


Started GET "/" for ::1 at 2019-06-11 13:39:35 +0700
Processing by PagesController#index as HTML
Redirected to http://localhost:3000/login
Filter chain halted as :require_login rendered or redirected
Completed 302 Found in 1ms (ActiveRecord: 0.0ms)


Started GET "/login" for ::1 at 2019-06-11 13:39:35 +0700
Processing by SessionsController#new as HTML
  Rendering sessions/new.html.erb
  Rendered layouts/utils/_flash.html.erb (0.5ms)
  Rendered sessions/new.html.erb (57.4ms)
Completed 200 OK in 61ms (Views: 59.4ms | ActiveRecord: 0.0ms)


Started GET "/" for ::1 at 2019-06-11 13:46:47 +0700
  [1m[35m (0.2ms)[0m  [1m[35mSET NAMES utf8,  @@SESSION.sql_mode = CONCAT(CONCAT(@@sql_mode, ',STRICT_ALL_TABLES'), ',NO_AUTO_VALUE_ON_ZERO'),  @@SESSION.sql_auto_is_null = 0, @@SESSION.wait_timeout = 2147483[0m
  ↳ /home/nguyen.thanh.tu/.rbenv/versions/2.5.5/lib/ruby/gems/2.5.0/gems/activerecord-5.2.3/lib/active_record/log_subscriber.rb:98
  [1m[35m (0.3ms)[0m  [1m[34mSELECT `schema_migrations`.`version` FROM `schema_migrations` ORDER BY `schema_migrations`.`version` ASC[0m
  ↳ /home/nguyen.thanh.tu/.rbenv/versions/2.5.5/lib/ruby/gems/2.5.0/gems/activerecord-5.2.3/lib/active_record/log_subscriber.rb:98
Processing by PagesController#index as HTML
Redirected to http://localhost:3000/login
Filter chain halted as :require_login rendered or redirected
Completed 302 Found in 16ms (ActiveRecord: 0.0ms)


Started GET "/login" for ::1 at 2019-06-11 13:46:47 +0700
Processing by SessionsController#new as HTML
  Rendering sessions/new.html.erb
  Rendered layouts/utils/_flash.html.erb (0.3ms)
  Rendered sessions/new.html.erb (151.1ms)
Completed 200 OK in 159ms (Views: 157.8ms | ActiveRecord: 0.0ms)


Started POST "/login" for ::1 at 2019-06-11 13:47:00 +0700
Processing by SessionsController#create as HTML
  Parameters: {"utf8"=>"✓", "authenticity_token"=>"SgHjA5frumTabhOxkV/fOEHUoauQRRlp/HJmdIaZk4wyNe6EIlGWOmWLixwpyL3JgMaHZk04Bw4HXtZF+gslNw==", "email"=>"admin@sun-asterisk.com", "password"=>"[FILTERED]", "commit"=>"Login"}
  [1m[36mUser Load (0.4ms)[0m  [1m[34mSELECT  `users`.* FROM `users` WHERE `users`.`email` = 'admin@sun-asterisk.com' LIMIT 1[0m
  ↳ app/controllers/sessions_controller.rb:9
  Rendering sessions/new.html.erb within layouts/application
  Rendered layouts/utils/_flash.html.erb (0.2ms)
  Rendered sessions/new.html.erb within layouts/application (63.3ms)
  Rendered layouts/_sidebar.html.erb (3.6ms)
Completed 500 Internal Server Error in 315ms (ActiveRecord: 2.4ms)


  
ActionView::Template::Error (undefined method `admin?' for nil:NilClass):
    19:     Feature
    20:   </div>
    21:   <!-- Nav Item - Pages Collapse Menu -->
    22:   <% if current_user.admin? %>
    23:     <%= render 'layouts/sidebars/admin' %>
    24:   <% elsif current_user.supervisor? %>
    25:     <%= render 'layouts/sidebars/supervisor' %>
  
app/views/layouts/_sidebar.html.erb:22:in `_app_views_layouts__sidebar_html_erb__3610055080351233091_69880815391720'
app/views/layouts/application.html.erb:12:in `_app_views_layouts_application_html_erb__842115785195568970_69880809688000'
app/controllers/sessions_controller.rb:16:in `create'
  [1m[35m (0.3ms)[0m  [1m[35mSET NAMES utf8,  @@SESSION.sql_mode = CONCAT(CONCAT(@@sql_mode, ',STRICT_ALL_TABLES'), ',NO_AUTO_VALUE_ON_ZERO'),  @@SESSION.sql_auto_is_null = 0, @@SESSION.wait_timeout = 2147483[0m
  ↳ bin/rails:9
  [1m[35m (0.1ms)[0m  [1m[35mBEGIN[0m
  ↳ bin/rails:9
  [1m[36mUser Load (0.3ms)[0m  [1m[34mSELECT  `users`.* FROM `users` LIMIT 11[0m
  [1m[36mUser Load (0.7ms)[0m  [1m[34mSELECT  `users`.* FROM `users` ORDER BY `users`.`id` ASC LIMIT 1[0m
  [1m[35m (0.4ms)[0m  [1m[31mROLLBACK[0m
Started GET "/" for ::1 at 2019-06-11 13:50:29 +0700
  [1m[35m (0.4ms)[0m  [1m[35mSET NAMES utf8,  @@SESSION.sql_mode = CONCAT(CONCAT(@@sql_mode, ',STRICT_ALL_TABLES'), ',NO_AUTO_VALUE_ON_ZERO'),  @@SESSION.sql_auto_is_null = 0, @@SESSION.wait_timeout = 2147483[0m
  ↳ /home/nguyen.thanh.tu/.rbenv/versions/2.5.5/lib/ruby/gems/2.5.0/gems/activerecord-5.2.3/lib/active_record/log_subscriber.rb:98
  [1m[35m (0.4ms)[0m  [1m[34mSELECT `schema_migrations`.`version` FROM `schema_migrations` ORDER BY `schema_migrations`.`version` ASC[0m
  ↳ /home/nguyen.thanh.tu/.rbenv/versions/2.5.5/lib/ruby/gems/2.5.0/gems/activerecord-5.2.3/lib/active_record/log_subscriber.rb:98
Processing by PagesController#index as HTML
Redirected to http://localhost:3000/login
Filter chain halted as :require_login rendered or redirected
Completed 302 Found in 5ms (ActiveRecord: 0.0ms)


Started GET "/login" for ::1 at 2019-06-11 13:50:29 +0700
Processing by SessionsController#new as HTML
  Rendering sessions/new.html.erb
  Rendered layouts/utils/_flash.html.erb (0.3ms)
  Rendered sessions/new.html.erb (157.8ms)
Completed 200 OK in 160ms (Views: 159.6ms | ActiveRecord: 0.0ms)


Started POST "/login" for ::1 at 2019-06-11 13:50:43 +0700
Processing by SessionsController#create as HTML
  Parameters: {"utf8"=>"✓", "authenticity_token"=>"IMmrjFS3hKtpiaUqR+C36E5Es65mNFFHl2wdOO+sa9dY/aYL4Q2o9dZsPYf/d9UZj1aVY7tJTyBsQK0Jkz7dbA==", "email"=>"admin@sun-asterisk.com", "password"=>"[FILTERED]", "commit"=>"Login"}
  [1m[36mUser Load (0.4ms)[0m  [1m[34mSELECT  `users`.* FROM `users` WHERE `users`.`email` = 'admin@sun-asterisk.com' LIMIT 1[0m
  ↳ app/controllers/sessions_controller.rb:9
  Rendering sessions/new.html.erb within layouts/application
  Rendered layouts/utils/_flash.html.erb (0.2ms)
  Rendered sessions/new.html.erb within layouts/application (54.2ms)
  Rendered layouts/_sidebar.html.erb (3.5ms)
Completed 500 Internal Server Error in 308ms (ActiveRecord: 1.9ms)


  
ActionView::Template::Error (undefined method `admin?' for nil:NilClass):
    19:     Feature
    20:   </div>
    21:   <!-- Nav Item - Pages Collapse Menu -->
    22:   <% if current_user.admin? %>
    23:     <%= render 'layouts/sidebars/admin' %>
    24:   <% elsif current_user.supervisor? %>
    25:     <%= render 'layouts/sidebars/supervisor' %>
  
app/views/layouts/_sidebar.html.erb:22:in `_app_views_layouts__sidebar_html_erb___2882558213090003447_69991242497740'
app/views/layouts/application.html.erb:12:in `_app_views_layouts_application_html_erb__3890840978216716756_69991237489740'
app/controllers/sessions_controller.rb:16:in `create'
Started GET "/" for ::1 at 2019-06-11 13:51:25 +0700
  [1m[35m (0.4ms)[0m  [1m[35mSET NAMES utf8,  @@SESSION.sql_mode = CONCAT(CONCAT(@@sql_mode, ',STRICT_ALL_TABLES'), ',NO_AUTO_VALUE_ON_ZERO'),  @@SESSION.sql_auto_is_null = 0, @@SESSION.wait_timeout = 2147483[0m
  ↳ /home/nguyen.thanh.tu/.rbenv/versions/2.5.5/lib/ruby/gems/2.5.0/gems/activerecord-5.2.3/lib/active_record/log_subscriber.rb:98
  [1m[35m (0.9ms)[0m  [1m[34mSELECT `schema_migrations`.`version` FROM `schema_migrations` ORDER BY `schema_migrations`.`version` ASC[0m
  ↳ /home/nguyen.thanh.tu/.rbenv/versions/2.5.5/lib/ruby/gems/2.5.0/gems/activerecord-5.2.3/lib/active_record/log_subscriber.rb:98
Processing by PagesController#index as HTML
Redirected to http://localhost:3000/login
Filter chain halted as :require_login rendered or redirected
Completed 302 Found in 10ms (ActiveRecord: 0.0ms)


Started GET "/login" for ::1 at 2019-06-11 13:51:25 +0700
Processing by SessionsController#new as HTML
  Rendering sessions/new.html.erb
  Rendered layouts/utils/_flash.html.erb (0.8ms)
  Rendered sessions/new.html.erb (265.2ms)
Completed 200 OK in 276ms (Views: 271.8ms | ActiveRecord: 0.0ms)


Started POST "/login" for ::1 at 2019-06-11 13:51:44 +0700
Processing by SessionsController#create as HTML
  Parameters: {"utf8"=>"✓", "authenticity_token"=>"hJ7BMv38F9Q+bQVDWfG8vg8OzeQGbgCmpTO0+RPHXuH8qsy1SEY7ioGIne7hZt5PzhzrKdsTHsFeHwTIb1XoWg==", "email"=>"admin@sun-asterisk.com", "password"=>"[FILTERED]", "commit"=>"Login"}
  [1m[36mUser Load (0.4ms)[0m  [1m[34mSELECT  `users`.* FROM `users` WHERE `users`.`email` = 'admin@sun-asterisk.com' LIMIT 1[0m
  ↳ app/controllers/sessions_controller.rb:9
  Rendering sessions/new.html.erb within layouts/application
  Rendered layouts/utils/_flash.html.erb (0.3ms)
  Rendered sessions/new.html.erb within layouts/application (35.7ms)
  Rendered layouts/_sidebar.html.erb (5.8ms)
Completed 500 Internal Server Error in 271ms (ActiveRecord: 1.5ms)


  
ActionView::Template::Error (undefined method `admin?' for nil:NilClass):
    19:     Feature
    20:   </div>
    21:   <!-- Nav Item - Pages Collapse Menu -->
    22:   <% if current_user.admin? %>
    23:     <%= render 'layouts/sidebars/admin' %>
    24:   <% elsif current_user.supervisor? %>
    25:     <%= render 'layouts/sidebars/supervisor' %>
  
app/views/layouts/_sidebar.html.erb:22:in `_app_views_layouts__sidebar_html_erb__997323188291060843_69967539767760'
app/views/layouts/application.html.erb:12:in `_app_views_layouts_application_html_erb__2392801664035544324_69967550312520'
app/controllers/sessions_controller.rb:16:in `create'
Started GET "/" for ::1 at 2019-06-11 13:52:20 +0700
  [1m[35m (0.2ms)[0m  [1m[35mSET NAMES utf8,  @@SESSION.sql_mode = CONCAT(CONCAT(@@sql_mode, ',STRICT_ALL_TABLES'), ',NO_AUTO_VALUE_ON_ZERO'),  @@SESSION.sql_auto_is_null = 0, @@SESSION.wait_timeout = 2147483[0m
  ↳ /home/nguyen.thanh.tu/.rbenv/versions/2.5.5/lib/ruby/gems/2.5.0/gems/activerecord-5.2.3/lib/active_record/log_subscriber.rb:98
  [1m[35m (0.9ms)[0m  [1m[34mSELECT `schema_migrations`.`version` FROM `schema_migrations` ORDER BY `schema_migrations`.`version` ASC[0m
  ↳ /home/nguyen.thanh.tu/.rbenv/versions/2.5.5/lib/ruby/gems/2.5.0/gems/activerecord-5.2.3/lib/active_record/log_subscriber.rb:98
Processing by PagesController#index as HTML
Redirected to http://localhost:3000/login
Filter chain halted as :require_login rendered or redirected
Completed 302 Found in 7ms (ActiveRecord: 0.0ms)


Started GET "/login" for ::1 at 2019-06-11 13:52:20 +0700
Processing by SessionsController#new as HTML
  Rendering sessions/new.html.erb
  Rendered layouts/utils/_flash.html.erb (0.3ms)
  Rendered sessions/new.html.erb (173.3ms)
Completed 200 OK in 177ms (Views: 175.9ms | ActiveRecord: 0.0ms)


Started POST "/login" for ::1 at 2019-06-11 13:52:32 +0700
Processing by SessionsController#create as HTML
  Parameters: {"utf8"=>"✓", "authenticity_token"=>"DUzmlB4S44YjOZZbOg3V9koX5thpugtHPzqeZzjnL511eOsTq6jP2JzcDvaCmrcHiwXAFbTHFSDEFi5WRHWZJg==", "email"=>"admin@sun-asterisk.com", "password"=>"[FILTERED]", "commit"=>"Login"}
  [1m[36mUser Load (0.3ms)[0m  [1m[34mSELECT  `users`.* FROM `users` WHERE `users`.`email` = 'admin@sun-asterisk.com' LIMIT 1[0m
  ↳ app/controllers/sessions_controller.rb:9
  Rendering sessions/new.html.erb within layouts/application
  Rendered layouts/utils/_flash.html.erb (0.6ms)
  Rendered sessions/new.html.erb within layouts/application (52.5ms)
  Rendered layouts/_sidebar.html.erb (5.5ms)
Completed 500 Internal Server Error in 303ms (ActiveRecord: 2.0ms)


  
ActionView::Template::Error (undefined method `admin?' for nil:NilClass):
    19:     Feature
    20:   </div>
    21:   <!-- Nav Item - Pages Collapse Menu -->
    22:   <% if current_user.admin? %>
    23:     <%= render 'layouts/sidebars/admin' %>
    24:   <% elsif current_user.supervisor? %>
    25:     <%= render 'layouts/sidebars/supervisor' %>
  
app/views/layouts/_sidebar.html.erb:22:in `_app_views_layouts__sidebar_html_erb___235339227336159394_70257966625900'
app/views/layouts/application.html.erb:12:in `_app_views_layouts_application_html_erb___3838080732316854245_70257961763360'
app/controllers/sessions_controller.rb:16:in `create'
Started GET "/login" for ::1 at 2019-06-11 13:53:12 +0700
  [1m[35m (0.8ms)[0m  [1m[35mSET NAMES utf8,  @@SESSION.sql_mode = CONCAT(CONCAT(@@sql_mode, ',STRICT_ALL_TABLES'), ',NO_AUTO_VALUE_ON_ZERO'),  @@SESSION.sql_auto_is_null = 0, @@SESSION.wait_timeout = 2147483[0m
  ↳ /home/nguyen.thanh.tu/.rbenv/versions/2.5.5/lib/ruby/gems/2.5.0/gems/activerecord-5.2.3/lib/active_record/log_subscriber.rb:98
  [1m[35m (0.2ms)[0m  [1m[34mSELECT `schema_migrations`.`version` FROM `schema_migrations` ORDER BY `schema_migrations`.`version` ASC[0m
  ↳ /home/nguyen.thanh.tu/.rbenv/versions/2.5.5/lib/ruby/gems/2.5.0/gems/activerecord-5.2.3/lib/active_record/log_subscriber.rb:98
Processing by SessionsController#new as HTML
  Rendering sessions/new.html.erb
  Rendered layouts/utils/_flash.html.erb (0.2ms)
  Rendered sessions/new.html.erb (215.9ms)
Completed 200 OK in 224ms (Views: 218.6ms | ActiveRecord: 0.0ms)


Started POST "/login" for ::1 at 2019-06-11 13:53:14 +0700
Processing by SessionsController#create as HTML
  Parameters: {"utf8"=>"✓", "authenticity_token"=>"/AalwBVEAv01IFkrkMQZPVjniGLyKZh1aPTIq27Txh6EMqhHoP4uo4rFwYYoU3vMmfWury9UhhKT2HiaEkFwpQ==", "email"=>"you2@gmail.com", "password"=>"[FILTERED]", "commit"=>"Login"}
  [1m[36mUser Load (0.3ms)[0m  [1m[34mSELECT  `users`.* FROM `users` WHERE `users`.`email` = 'you2@gmail.com' LIMIT 1[0m
  ↳ app/controllers/sessions_controller.rb:9
  Rendering sessions/new.html.erb within layouts/application
  Rendered layouts/utils/_flash.html.erb (0.4ms)
  Rendered sessions/new.html.erb within layouts/application (47.4ms)
  Rendered layouts/_sidebar.html.erb (2.6ms)
Completed 500 Internal Server Error in 87ms (ActiveRecord: 1.0ms)


  
ActionView::Template::Error (undefined method `admin?' for nil:NilClass):
    19:     Feature
    20:   </div>
    21:   <!-- Nav Item - Pages Collapse Menu -->
    22:   <% if current_user.admin? %>
    23:     <%= render 'layouts/sidebars/admin' %>
    24:   <% elsif current_user.supervisor? %>
    25:     <%= render 'layouts/sidebars/supervisor' %>
  
app/views/layouts/_sidebar.html.erb:22:in `_app_views_layouts__sidebar_html_erb___2579296822370638531_69841377548660'
app/views/layouts/application.html.erb:12:in `_app_views_layouts_application_html_erb___4134062451072826551_69841385982000'
app/controllers/sessions_controller.rb:17:in `create'
Started GET "/" for ::1 at 2019-06-11 13:54:05 +0700
  [1m[35m (0.3ms)[0m  [1m[35mSET NAMES utf8,  @@SESSION.sql_mode = CONCAT(CONCAT(@@sql_mode, ',STRICT_ALL_TABLES'), ',NO_AUTO_VALUE_ON_ZERO'),  @@SESSION.sql_auto_is_null = 0, @@SESSION.wait_timeout = 2147483[0m
  ↳ /home/nguyen.thanh.tu/.rbenv/versions/2.5.5/lib/ruby/gems/2.5.0/gems/activerecord-5.2.3/lib/active_record/log_subscriber.rb:98
  [1m[35m (0.2ms)[0m  [1m[34mSELECT `schema_migrations`.`version` FROM `schema_migrations` ORDER BY `schema_migrations`.`version` ASC[0m
  ↳ /home/nguyen.thanh.tu/.rbenv/versions/2.5.5/lib/ruby/gems/2.5.0/gems/activerecord-5.2.3/lib/active_record/log_subscriber.rb:98
Processing by PagesController#index as HTML
Redirected to http://localhost:3000/login
Filter chain halted as :require_login rendered or redirected
Completed 302 Found in 8ms (ActiveRecord: 0.0ms)


Started GET "/login" for ::1 at 2019-06-11 13:54:05 +0700
Processing by SessionsController#new as HTML
  Rendering sessions/new.html.erb
  Rendered layouts/utils/_flash.html.erb (0.3ms)
  Rendered sessions/new.html.erb (254.6ms)
Completed 200 OK in 264ms (Views: 260.3ms | ActiveRecord: 0.0ms)


Started POST "/login" for ::1 at 2019-06-11 13:54:17 +0700
Processing by SessionsController#create as HTML
  Parameters: {"utf8"=>"✓", "authenticity_token"=>"qqV8B3y/V30/cLZbqC3z/xBZm9rWJdk9D9KLLTgWd0TSkXGAyQV7I4CVLvYQupEO0Uu9FwtYx1r0/jscRITB/w==", "email"=>"admin@sun-asterisk.com", "password"=>"[FILTERED]", "commit"=>"Login"}
  Rendering text template
  Rendered text template (0.0ms)
Completed 200 OK in 4ms (Views: 3.2ms | ActiveRecord: 0.0ms)


  [1m[35m (0.2ms)[0m  [1m[35mSET NAMES utf8,  @@SESSION.sql_mode = CONCAT(CONCAT(@@sql_mode, ',STRICT_ALL_TABLES'), ',NO_AUTO_VALUE_ON_ZERO'),  @@SESSION.sql_auto_is_null = 0, @@SESSION.wait_timeout = 2147483[0m
  ↳ bin/rails:9
  [1m[35m (0.1ms)[0m  [1m[34mSELECT `schema_migrations`.`version` FROM `schema_migrations` ORDER BY `schema_migrations`.`version` ASC[0m
  ↳ bin/rails:9
  [1m[35m (0.1ms)[0m  [1m[34mSELECT `ar_internal_metadata`.`value` FROM `ar_internal_metadata` WHERE `ar_internal_metadata`.`key` = 'environment'[0m
  ↳ bin/rails:9
  [1m[35m (0.1ms)[0m  [1m[34mSELECT `schema_migrations`.`version` FROM `schema_migrations` ORDER BY `schema_migrations`.`version` ASC[0m
  ↳ bin/rails:9
  [1m[35m (0.2ms)[0m  [1m[34mSELECT `ar_internal_metadata`.`value` FROM `ar_internal_metadata` WHERE `ar_internal_metadata`.`key` = 'environment'[0m
  ↳ bin/rails:9
  [1m[35m (0.1ms)[0m  [1m[34mSELECT `schema_migrations`.`version` FROM `schema_migrations` ORDER BY `schema_migrations`.`version` ASC[0m
  ↳ bin/rails:9
  [1m[35m (0.1ms)[0m  [1m[34mSELECT `ar_internal_metadata`.`value` FROM `ar_internal_metadata` WHERE `ar_internal_metadata`.`key` = 'environment'[0m
  ↳ bin/rails:9
  [1m[35m (0.1ms)[0m  [1m[35mSET NAMES utf8,  @@SESSION.sql_mode = CONCAT(CONCAT(@@sql_mode, ',STRICT_ALL_TABLES'), ',NO_AUTO_VALUE_ON_ZERO'),  @@SESSION.sql_auto_is_null = 0, @@SESSION.wait_timeout = 2147483[0m
  ↳ bin/rails:9
  [1m[35m (31.8ms)[0m  [1m[35mDROP DATABASE IF EXISTS `myapp_development`[0m
  ↳ bin/rails:9
  [1m[35m (0.2ms)[0m  [1m[35mSET NAMES utf8,  @@SESSION.sql_mode = CONCAT(CONCAT(@@sql_mode, ',STRICT_ALL_TABLES'), ',NO_AUTO_VALUE_ON_ZERO'),  @@SESSION.sql_auto_is_null = 0, @@SESSION.wait_timeout = 2147483[0m
  ↳ bin/rails:9
  [1m[35m (0.6ms)[0m  [1m[35mDROP DATABASE IF EXISTS `myapp_test`[0m
  ↳ bin/rails:9
  [1m[35m (0.1ms)[0m  [1m[35mSET NAMES utf8,  @@SESSION.sql_mode = CONCAT(CONCAT(@@sql_mode, ',STRICT_ALL_TABLES'), ',NO_AUTO_VALUE_ON_ZERO'),  @@SESSION.sql_auto_is_null = 0, @@SESSION.wait_timeout = 2147483[0m
  ↳ bin/rails:9
  [1m[35m (1.1ms)[0m  [1m[35mCREATE DATABASE `myapp_development` DEFAULT CHARACTER SET `utf8`[0m
  ↳ bin/rails:9
  [1m[35m (0.1ms)[0m  [1m[35mSET NAMES utf8,  @@SESSION.sql_mode = CONCAT(CONCAT(@@sql_mode, ',STRICT_ALL_TABLES'), ',NO_AUTO_VALUE_ON_ZERO'),  @@SESSION.sql_auto_is_null = 0, @@SESSION.wait_timeout = 2147483[0m
  ↳ bin/rails:9
  [1m[35m (1.4ms)[0m  [1m[35mCREATE DATABASE `myapp_test` DEFAULT CHARACTER SET `utf8`[0m
  ↳ bin/rails:9
  [1m[35m (0.2ms)[0m  [1m[35mSET NAMES utf8,  @@SESSION.sql_mode = CONCAT(CONCAT(@@sql_mode, ',STRICT_ALL_TABLES'), ',NO_AUTO_VALUE_ON_ZERO'),  @@SESSION.sql_auto_is_null = 0, @@SESSION.wait_timeout = 2147483[0m
  ↳ bin/rails:9
  [1m[35m (7.1ms)[0m  [1m[35mCREATE TABLE `schema_migrations` (`version` varchar(255) NOT NULL PRIMARY KEY)[0m
  ↳ bin/rails:9
  [1m[35m (8.0ms)[0m  [1m[35mCREATE TABLE `ar_internal_metadata` (`key` varchar(255) NOT NULL PRIMARY KEY, `value` varchar(255), `created_at` datetime NOT NULL, `updated_at` datetime NOT NULL)[0m
  ↳ bin/rails:9
  [1m[35m (0.1ms)[0m  [1m[34mSELECT GET_LOCK('7864839756650184315', 0)[0m
  ↳ bin/rails:9
  [1m[35m (0.2ms)[0m  [1m[34mSELECT `schema_migrations`.`version` FROM `schema_migrations` ORDER BY `schema_migrations`.`version` ASC[0m
  ↳ bin/rails:9
Migrating to CreateUsers (20190610062657)
  [1m[35m (7.9ms)[0m  [1m[35mCREATE TABLE `users` (`id` bigint NOT NULL AUTO_INCREMENT PRIMARY KEY, `name` varchar(255) NOT NULL, `email` varchar(255) NOT NULL, `password_digest` varchar(255), `role` int DEFAULT 2 NOT NULL, `created_at` datetime NOT NULL, `updated_at` datetime NOT NULL)[0m
  ↳ db/migrate/20190610062657_create_users.rb:3
  [1m[35m (6.3ms)[0m  [1m[35mCREATE UNIQUE INDEX `index_users_on_email`  ON `users` (`email`) [0m
  ↳ db/migrate/20190610062657_create_users.rb:11
  [1m[35m (0.1ms)[0m  [1m[35mBEGIN[0m
  ↳ bin/rails:9
  [1m[36mActiveRecord::SchemaMigration Create (0.3ms)[0m  [1m[32mINSERT INTO `schema_migrations` (`version`) VALUES ('20190610062657')[0m
  ↳ bin/rails:9
  [1m[35m (0.9ms)[0m  [1m[35mCOMMIT[0m
  ↳ bin/rails:9
Migrating to CreateCourses (20190610062738)
  [1m[35m (8.1ms)[0m  [1m[35mCREATE TABLE `courses` (`id` bigint NOT NULL AUTO_INCREMENT PRIMARY KEY, `title` varchar(255) NOT NULL, `created_by` int NOT NULL, `description` text, `created_at` datetime NOT NULL, `updated_at` datetime NOT NULL)[0m
  ↳ db/migrate/20190610062738_create_courses.rb:3
  [1m[35m (0.1ms)[0m  [1m[35mBEGIN[0m
  ↳ bin/rails:9
  [1m[36mActiveRecord::SchemaMigration Create (0.1ms)[0m  [1m[32mINSERT INTO `schema_migrations` (`version`) VALUES ('20190610062738')[0m
  ↳ bin/rails:9
  [1m[35m (1.1ms)[0m  [1m[35mCOMMIT[0m
  ↳ bin/rails:9
Migrating to CreateUserCourses (20190610063158)
  [1m[35m (7.2ms)[0m  [1m[35mCREATE TABLE `user_courses` (`id` bigint NOT NULL AUTO_INCREMENT PRIMARY KEY, `user_id` int NOT NULL, `course_id` int NOT NULL, `assigned_by` int NOT NULL, `status` int DEFAULT 0 NOT NULL, `deadline` datetime, `created_at` datetime NOT NULL, `updated_at` datetime NOT NULL)[0m
  ↳ db/migrate/20190610063158_create_user_courses.rb:3
  [1m[35m (0.1ms)[0m  [1m[35mBEGIN[0m
  ↳ bin/rails:9
  [1m[36mActiveRecord::SchemaMigration Create (0.2ms)[0m  [1m[32mINSERT INTO `schema_migrations` (`version`) VALUES ('20190610063158')[0m
  ↳ bin/rails:9
  [1m[35m (0.4ms)[0m  [1m[35mCOMMIT[0m
  ↳ bin/rails:9
Migrating to CreateSubjects (20190610063225)
  [1m[35m (8.4ms)[0m  [1m[35mCREATE TABLE `subjects` (`id` bigint NOT NULL AUTO_INCREMENT PRIMARY KEY, `title` varchar(255) NOT NULL, `created_by` int NOT NULL, `description` text, `created_at` datetime NOT NULL, `updated_at` datetime NOT NULL)[0m
  ↳ db/migrate/20190610063225_create_subjects.rb:3
  [1m[35m (0.2ms)[0m  [1m[35mBEGIN[0m
  ↳ bin/rails:9
  [1m[36mActiveRecord::SchemaMigration Create (0.2ms)[0m  [1m[32mINSERT INTO `schema_migrations` (`version`) VALUES ('20190610063225')[0m
  ↳ bin/rails:9
  [1m[35m (0.9ms)[0m  [1m[35mCOMMIT[0m
  ↳ bin/rails:9
Migrating to CreateTasks (20190610063242)
  [1m[35m (8.3ms)[0m  [1m[35mCREATE TABLE `tasks` (`id` bigint NOT NULL AUTO_INCREMENT PRIMARY KEY, `title` varchar(255) NOT NULL, `subject_id` int NOT NULL, `description` text, `created_at` datetime NOT NULL, `updated_at` datetime NOT NULL)[0m
  ↳ db/migrate/20190610063242_create_tasks.rb:3
  [1m[35m (0.1ms)[0m  [1m[35mBEGIN[0m
  ↳ bin/rails:9
  [1m[36mActiveRecord::SchemaMigration Create (0.2ms)[0m  [1m[32mINSERT INTO `schema_migrations` (`version`) VALUES ('20190610063242')[0m
  ↳ bin/rails:9
  [1m[35m (0.4ms)[0m  [1m[35mCOMMIT[0m
  ↳ bin/rails:9
Migrating to CreateUserTasks (20190610063329)
  [1m[35m (7.3ms)[0m  [1m[35mCREATE TABLE `user_tasks` (`id` bigint NOT NULL AUTO_INCREMENT PRIMARY KEY, `user_id` int NOT NULL, `task_id` int NOT NULL, `status` int DEFAULT 0 NOT NULL, `created_at` datetime NOT NULL, `updated_at` datetime NOT NULL)[0m
  ↳ db/migrate/20190610063329_create_user_tasks.rb:3
  [1m[35m (0.1ms)[0m  [1m[35mBEGIN[0m
  ↳ bin/rails:9
  [1m[36mActiveRecord::SchemaMigration Create (0.1ms)[0m  [1m[32mINSERT INTO `schema_migrations` (`version`) VALUES ('20190610063329')[0m
  ↳ bin/rails:9
  [1m[35m (0.8ms)[0m  [1m[35mCOMMIT[0m
  ↳ bin/rails:9
Migrating to CreateCourseSubjects (20190610063353)
  [1m[35m (8.3ms)[0m  [1m[35mCREATE TABLE `course_subjects` (`id` bigint NOT NULL AUTO_INCREMENT PRIMARY KEY, `course_id` int NOT NULL, `subject_id` int NOT NULL, `status` int DEFAULT 0 NOT NULL, `created_at` datetime NOT NULL, `updated_at` datetime NOT NULL)[0m
  ↳ db/migrate/20190610063353_create_course_subjects.rb:3
  [1m[35m (0.1ms)[0m  [1m[35mBEGIN[0m
  ↳ bin/rails:9
  [1m[36mActiveRecord::SchemaMigration Create (0.2ms)[0m  [1m[32mINSERT INTO `schema_migrations` (`version`) VALUES ('20190610063353')[0m
  ↳ bin/rails:9
  [1m[35m (0.8ms)[0m  [1m[35mCOMMIT[0m
  ↳ bin/rails:9
Migrating to CreateUserSubjects (20190610063429)
  [1m[35m (8.5ms)[0m  [1m[35mCREATE TABLE `user_subjects` (`id` bigint NOT NULL AUTO_INCREMENT PRIMARY KEY, `user_id` int NOT NULL, `course_subject_id` int NOT NULL, `status` int DEFAULT 0 NOT NULL, `deadline` datetime, `created_at` datetime NOT NULL, `updated_at` datetime NOT NULL)[0m
  ↳ db/migrate/20190610063429_create_user_subjects.rb:3
  [1m[35m (0.1ms)[0m  [1m[35mBEGIN[0m
  ↳ bin/rails:9
  [1m[36mActiveRecord::SchemaMigration Create (0.2ms)[0m  [1m[32mINSERT INTO `schema_migrations` (`version`) VALUES ('20190610063429')[0m
  ↳ bin/rails:9
  [1m[35m (0.8ms)[0m  [1m[35mCOMMIT[0m
  ↳ bin/rails:9
Migrating to CreateReports (20190610063455)
  [1m[35m (7.7ms)[0m  [1m[35mCREATE TABLE `reports` (`id` bigint NOT NULL AUTO_INCREMENT PRIMARY KEY, `user_id` int NOT NULL, `user_course_id` int NOT NULL, `content` text NOT NULL, `created_at` datetime NOT NULL, `updated_at` datetime NOT NULL)[0m
  ↳ db/migrate/20190610063455_create_reports.rb:3
  [1m[35m (0.1ms)[0m  [1m[35mBEGIN[0m
  ↳ bin/rails:9
  [1m[36mActiveRecord::SchemaMigration Create (0.2ms)[0m  [1m[32mINSERT INTO `schema_migrations` (`version`) VALUES ('20190610063455')[0m
  ↳ bin/rails:9
  [1m[35m (0.7ms)[0m  [1m[35mCOMMIT[0m
  ↳ bin/rails:9
  [1m[36mActiveRecord::InternalMetadata Load (1.3ms)[0m  [1m[34mSELECT  `ar_internal_metadata`.* FROM `ar_internal_metadata` WHERE `ar_internal_metadata`.`key` = 'environment' LIMIT 1[0m
  ↳ bin/rails:9
  [1m[35m (0.1ms)[0m  [1m[35mBEGIN[0m
  ↳ bin/rails:9
  [1m[36mActiveRecord::InternalMetadata Create (0.2ms)[0m  [1m[32mINSERT INTO `ar_internal_metadata` (`key`, `value`, `created_at`, `updated_at`) VALUES ('environment', 'development', '2019-06-11 06:54:36', '2019-06-11 06:54:36')[0m
  ↳ bin/rails:9
  [1m[35m (0.8ms)[0m  [1m[35mCOMMIT[0m
  ↳ bin/rails:9
  [1m[35m (0.2ms)[0m  [1m[34mSELECT RELEASE_LOCK('7864839756650184315')[0m
  ↳ bin/rails:9
  [1m[35m (0.4ms)[0m  [1m[34mSELECT `schema_migrations`.`version` FROM `schema_migrations` ORDER BY `schema_migrations`.`version` ASC[0m
  ↳ bin/rails:9
  [1m[35m (0.2ms)[0m  [1m[35mSET NAMES utf8,  @@SESSION.sql_mode = CONCAT(CONCAT(@@sql_mode, ',STRICT_ALL_TABLES'), ',NO_AUTO_VALUE_ON_ZERO'),  @@SESSION.sql_auto_is_null = 0, @@SESSION.wait_timeout = 2147483[0m
  ↳ bin/rails:9
  [1m[35m (0.2ms)[0m  [1m[34mSELECT `schema_migrations`.`version` FROM `schema_migrations` ORDER BY `schema_migrations`.`version` ASC[0m
  ↳ bin/rails:9
  [1m[35m (0.1ms)[0m  [1m[35mBEGIN[0m
  ↳ db/seeds.rb:1
  [1m[36mUser Exists (0.2ms)[0m  [1m[34mSELECT  1 AS one FROM `users` WHERE `users`.`email` = 'admin@sun-asterisk.com' LIMIT 1[0m
  ↳ db/seeds.rb:1
  [1m[36mUser Create (0.1ms)[0m  [1m[32mINSERT INTO `users` (`name`, `email`, `password_digest`, `role`, `created_at`, `updated_at`) VALUES ('admin', 'admin@sun-asterisk.com', '$2a$12$A6ITws6innvh87uTillEMOfyiylN2CJ.OBd8xEhSx9vvz84LLO79C', 0, '2019-06-11 06:54:40', '2019-06-11 06:54:40')[0m
  ↳ db/seeds.rb:1
  [1m[35m (0.8ms)[0m  [1m[35mCOMMIT[0m
  ↳ db/seeds.rb:1
  [1m[35m (0.1ms)[0m  [1m[35mBEGIN[0m
  ↳ db/seeds.rb:9
  [1m[36mUser Exists (0.2ms)[0m  [1m[34mSELECT  1 AS one FROM `users` WHERE `users`.`email` = 'supervisor@sun-asterisk.com' LIMIT 1[0m
  ↳ db/seeds.rb:9
  [1m[36mUser Create (0.2ms)[0m  [1m[32mINSERT INTO `users` (`name`, `email`, `password_digest`, `role`, `created_at`, `updated_at`) VALUES ('supervisor', 'supervisor@sun-asterisk.com', '$2a$12$sKfwON5Sf3oZAdK4gjMN5uWN6qq9XqgROOxqZMNr16cJX1IG24txK', 1, '2019-06-11 06:54:40', '2019-06-11 06:54:40')[0m
  ↳ db/seeds.rb:9
  [1m[35m (0.8ms)[0m  [1m[35mCOMMIT[0m
  ↳ db/seeds.rb:9
  [1m[35m (0.1ms)[0m  [1m[35mBEGIN[0m
  ↳ db/seeds.rb:17
  [1m[36mUser Exists (0.2ms)[0m  [1m[34mSELECT  1 AS one FROM `users` WHERE `users`.`email` = 'trainee@sun-asterisk.com' LIMIT 1[0m
  ↳ db/seeds.rb:17
  [1m[36mUser Create (0.2ms)[0m  [1m[32mINSERT INTO `users` (`name`, `email`, `password_digest`, `created_at`, `updated_at`) VALUES ('trainee', 'trainee@sun-asterisk.com', '$2a$12$E3MmaZ7F8n0oXbGxWG6xbuMZXkMEB5V96Qn8sUFgPr0O3HCBt.siy', '2019-06-11 06:54:41', '2019-06-11 06:54:41')[0m
  ↳ db/seeds.rb:17
  [1m[35m (0.8ms)[0m  [1m[35mCOMMIT[0m
  ↳ db/seeds.rb:17
Started GET "/login" for ::1 at 2019-06-11 13:55:13 +0700
  [1m[35m (0.6ms)[0m  [1m[35mSET NAMES utf8,  @@SESSION.sql_mode = CONCAT(CONCAT(@@sql_mode, ',STRICT_ALL_TABLES'), ',NO_AUTO_VALUE_ON_ZERO'),  @@SESSION.sql_auto_is_null = 0, @@SESSION.wait_timeout = 2147483[0m
  ↳ /home/nguyen.thanh.tu/.rbenv/versions/2.5.5/lib/ruby/gems/2.5.0/gems/activerecord-5.2.3/lib/active_record/log_subscriber.rb:98
  [1m[35m (0.5ms)[0m  [1m[34mSELECT `schema_migrations`.`version` FROM `schema_migrations` ORDER BY `schema_migrations`.`version` ASC[0m
  ↳ /home/nguyen.thanh.tu/.rbenv/versions/2.5.5/lib/ruby/gems/2.5.0/gems/activerecord-5.2.3/lib/active_record/log_subscriber.rb:98
Processing by SessionsController#new as HTML
  Rendering sessions/new.html.erb
  Rendered layouts/utils/_flash.html.erb (0.3ms)
  Rendered sessions/new.html.erb (170.8ms)
Completed 200 OK in 179ms (Views: 172.9ms | ActiveRecord: 0.0ms)


Started GET "/" for ::1 at 2019-06-11 13:55:15 +0700
Processing by PagesController#index as HTML
Redirected to http://localhost:3000/login
Filter chain halted as :require_login rendered or redirected
Completed 302 Found in 1ms (ActiveRecord: 0.0ms)


Started GET "/login" for ::1 at 2019-06-11 13:55:15 +0700
Processing by SessionsController#new as HTML
  Rendering sessions/new.html.erb
  Rendered layouts/utils/_flash.html.erb (0.3ms)
  Rendered sessions/new.html.erb (73.1ms)
Completed 200 OK in 75ms (Views: 74.3ms | ActiveRecord: 0.0ms)


Started POST "/login" for ::1 at 2019-06-11 13:55:25 +0700
Processing by SessionsController#create as HTML
  Parameters: {"utf8"=>"✓", "authenticity_token"=>"OHyVJtTAd5azaOShUfnuFMNNOHfXXW5nRSKrFFf9MktASJihYXpbyAyNfAzpbozlAl8eugogcAC+DhslK2+E8A==", "email"=>"admin@sun-asterisk.com", "password"=>"[FILTERED]", "commit"=>"Login"}
  [1m[36mUser Load (0.2ms)[0m  [1m[34mSELECT  `users`.* FROM `users` WHERE `users`.`email` = 'admin@sun-asterisk.com' LIMIT 1[0m
  ↳ app/controllers/sessions_controller.rb:9
  Rendering text template
  Rendered text template (0.0ms)
Completed 200 OK in 239ms (Views: 0.6ms | ActiveRecord: 1.0ms)


Started GET "/login" for ::1 at 2019-06-11 13:55:28 +0700
Processing by SessionsController#new as HTML
  Rendering sessions/new.html.erb
  Rendered layouts/utils/_flash.html.erb (0.3ms)
  Rendered sessions/new.html.erb (102.1ms)
Completed 200 OK in 105ms (Views: 103.9ms | ActiveRecord: 0.0ms)


Started POST "/login" for ::1 at 2019-06-11 13:55:33 +0700
Processing by SessionsController#create as HTML
  Parameters: {"utf8"=>"✓", "authenticity_token"=>"MtmbLttLtbkSNbg72uaSvzDDl0lnq8NJuJUv5lhLuetK7ZapbvGZ563QIJZicfBO8dGxhLrW3S5DuZ/XJNkPUA==", "email"=>"admin@sun-asterisk.com", "password"=>"[FILTERED]", "commit"=>"Login"}
  [1m[36mUser Load (0.7ms)[0m  [1m[34mSELECT  `users`.* FROM `users` WHERE `users`.`email` = 'admin@sun-asterisk.com' LIMIT 1[0m
  ↳ app/controllers/sessions_controller.rb:9
  Rendering text template
  Rendered text template (0.0ms)
Completed 200 OK in 215ms (Views: 0.3ms | ActiveRecord: 0.7ms)


Started GET "/" for ::1 at 2019-06-11 14:01:37 +0700
  [1m[35m (0.2ms)[0m  [1m[35mSET NAMES utf8,  @@SESSION.sql_mode = CONCAT(CONCAT(@@sql_mode, ',STRICT_ALL_TABLES'), ',NO_AUTO_VALUE_ON_ZERO'),  @@SESSION.sql_auto_is_null = 0, @@SESSION.wait_timeout = 2147483[0m
  ↳ /home/nguyen.thanh.tu/.rbenv/versions/2.5.5/lib/ruby/gems/2.5.0/gems/activerecord-5.2.3/lib/active_record/log_subscriber.rb:98
  [1m[35m (0.2ms)[0m  [1m[34mSELECT `schema_migrations`.`version` FROM `schema_migrations` ORDER BY `schema_migrations`.`version` ASC[0m
  ↳ /home/nguyen.thanh.tu/.rbenv/versions/2.5.5/lib/ruby/gems/2.5.0/gems/activerecord-5.2.3/lib/active_record/log_subscriber.rb:98
Processing by PagesController#index as HTML
Redirected to http://localhost:3000/login
Filter chain halted as :require_login rendered or redirected
Completed 302 Found in 8ms (ActiveRecord: 0.0ms)


Started GET "/login" for ::1 at 2019-06-11 14:01:37 +0700
Processing by SessionsController#new as HTML
  Rendering sessions/new.html.erb
  Rendered layouts/utils/_flash.html.erb (0.3ms)
  Rendered sessions/new.html.erb (171.5ms)
Completed 200 OK in 175ms (Views: 174.7ms | ActiveRecord: 0.0ms)


Started POST "/login" for ::1 at 2019-06-11 14:01:48 +0700
Processing by SessionsController#create as HTML
  Parameters: {"utf8"=>"✓", "authenticity_token"=>"3/vArRW9gT/G0EtRw5VwSdK9L4oEmi4LBiDSlmpPnD+nz80qoAetYXk10/x7AhK4E68JR9nnMGz9DGKnFt0qhA==", "email"=>"admin@sun-asterisk.com", "password"=>"[FILTERED]", "commit"=>"Login"}
  [1m[36mUser Load (0.5ms)[0m  [1m[34mSELECT  `users`.* FROM `users` WHERE `users`.`email` = 'admin@sun-asterisk.com' LIMIT 1[0m
  ↳ app/controllers/sessions_controller.rb:9
Redirected to http://localhost:3000/
Completed 302 Found in 219ms (ActiveRecord: 2.4ms)


Started GET "/" for ::1 at 2019-06-11 14:01:49 +0700
Processing by PagesController#index as HTML
  [1m[36mUser Load (0.2ms)[0m  [1m[34mSELECT  `users`.* FROM `users` WHERE `users`.`id` = 1 LIMIT 1[0m
  ↳ app/helpers/sessions_helper.rb:4
  Rendering pages/index.html.erb within layouts/application
  Rendered pages/index.html.erb within layouts/application (0.2ms)
  Rendered layouts/sidebars/_admin.html.erb (0.5ms)
  Rendered layouts/_sidebar.html.erb (1.4ms)
  Rendered layouts/_topbar.html.erb (0.4ms)
  Rendered layouts/_footer.html.erb (0.2ms)
  Rendered layouts/_scroll_to_top_button.html.erb (0.2ms)
  Rendered layouts/_logout_modal.html.erb (0.4ms)
Completed 200 OK in 69ms (Views: 67.0ms | ActiveRecord: 0.2ms)


Started GET "/login.html" for ::1 at 2019-06-11 14:02:23 +0700
Processing by SessionsController#new as HTML
  Rendering sessions/new.html.erb
  Rendered layouts/utils/_flash.html.erb (0.2ms)
  Rendered sessions/new.html.erb (110.1ms)
Completed 200 OK in 114ms (Views: 112.9ms | ActiveRecord: 0.0ms)


Started POST "/login" for ::1 at 2019-06-11 14:02:47 +0700
Processing by SessionsController#create as HTML
  Parameters: {"utf8"=>"✓", "authenticity_token"=>"mzk+FZRtTgS6D84ZC5kts/VVDtlCCQxcHpmSmzF2jFRWPRMYrfrw231WHLyCbAsUB+KynFYwiEzCHh4/GD7/kg==", "email"=>"supervisor@sun-asterisk.com", "password"=>"[FILTERED]", "commit"=>"Login"}
  [1m[36mUser Load (0.5ms)[0m  [1m[34mSELECT  `users`.* FROM `users` WHERE `users`.`email` = 'supervisor@sun-asterisk.com' LIMIT 1[0m
  ↳ app/controllers/sessions_controller.rb:9
Redirected to http://localhost:3000/
Completed 302 Found in 201ms (ActiveRecord: 0.5ms)


Started GET "/" for ::1 at 2019-06-11 14:02:47 +0700
Processing by PagesController#index as HTML
  [1m[36mUser Load (0.2ms)[0m  [1m[34mSELECT  `users`.* FROM `users` WHERE `users`.`id` = 2 LIMIT 1[0m
  ↳ app/helpers/sessions_helper.rb:4
  Rendering pages/index.html.erb within layouts/application
  Rendered pages/index.html.erb within layouts/application (0.3ms)
  Rendered layouts/sidebars/_supervisor.html.erb (1.5ms)
  Rendered layouts/_sidebar.html.erb (3.9ms)
  Rendered layouts/_topbar.html.erb (0.4ms)
  Rendered layouts/_footer.html.erb (0.3ms)
  Rendered layouts/_scroll_to_top_button.html.erb (0.1ms)
  Rendered layouts/_logout_modal.html.erb (0.2ms)
Completed 200 OK in 50ms (Views: 48.5ms | ActiveRecord: 0.2ms)


Started GET "/login" for ::1 at 2019-06-11 14:06:53 +0700
  [1m[35m (0.3ms)[0m  [1m[35mSET NAMES utf8,  @@SESSION.sql_mode = CONCAT(CONCAT(@@sql_mode, ',STRICT_ALL_TABLES'), ',NO_AUTO_VALUE_ON_ZERO'),  @@SESSION.sql_auto_is_null = 0, @@SESSION.wait_timeout = 2147483[0m
  ↳ /home/nguyen.thanh.tu/.rbenv/versions/2.5.5/lib/ruby/gems/2.5.0/gems/activerecord-5.2.3/lib/active_record/log_subscriber.rb:98
  [1m[35m (0.5ms)[0m  [1m[34mSELECT `schema_migrations`.`version` FROM `schema_migrations` ORDER BY `schema_migrations`.`version` ASC[0m
  ↳ /home/nguyen.thanh.tu/.rbenv/versions/2.5.5/lib/ruby/gems/2.5.0/gems/activerecord-5.2.3/lib/active_record/log_subscriber.rb:98
Processing by SessionsController#new as HTML
  Rendering sessions/new.html.erb
  Rendered layouts/utils/_flash.html.erb (0.3ms)
  Rendered sessions/new.html.erb (173.7ms)
Completed 200 OK in 181ms (Views: 176.0ms | ActiveRecord: 0.0ms)


Started POST "/login" for ::1 at 2019-06-11 14:07:05 +0700
Processing by SessionsController#create as HTML
  Parameters: {"utf8"=>"✓", "authenticity_token"=>"QxfNsPWx4TXx3dxepsvfQOMc5G76rh3E1TxnUg2bBkg7I8A3QAvNa044RPMeXL2xIg7CoyfTA6MuENdjcQmw8w==", "email"=>"trainee@sun-asterisk.com", "password"=>"[FILTERED]", "commit"=>"Login"}
  [1m[36mUser Load (1.1ms)[0m  [1m[34mSELECT  `users`.* FROM `users` WHERE `users`.`email` = 'trainee@sun-asterisk.com' LIMIT 1[0m
  ↳ app/controllers/sessions_controller.rb:9
Redirected to http://localhost:3000/
Completed 302 Found in 224ms (ActiveRecord: 2.9ms)


Started GET "/" for ::1 at 2019-06-11 14:07:05 +0700
Processing by PagesController#index as HTML
  [1m[36mUser Load (0.5ms)[0m  [1m[34mSELECT  `users`.* FROM `users` WHERE `users`.`id` = 3 LIMIT 1[0m
  ↳ app/helpers/sessions_helper.rb:4
  Rendering pages/index.html.erb within layouts/application
  Rendered pages/index.html.erb within layouts/application (0.5ms)
  Rendered layouts/sidebars/_trainee.html.erb (0.3ms)
  Rendered layouts/_sidebar.html.erb (1.3ms)
  Rendered layouts/_topbar.html.erb (0.3ms)
  Rendered layouts/_footer.html.erb (0.2ms)
  Rendered layouts/_scroll_to_top_button.html.erb (0.3ms)
  Rendered layouts/_logout_modal.html.erb (0.3ms)
Completed 200 OK in 76ms (Views: 73.0ms | ActiveRecord: 0.5ms)


Started GET "/login" for ::1 at 2019-06-11 14:07:09 +0700
Processing by SessionsController#new as HTML
  Rendering sessions/new.html.erb
  Rendered layouts/utils/_flash.html.erb (0.6ms)
  Rendered sessions/new.html.erb (89.2ms)
Completed 200 OK in 93ms (Views: 91.1ms | ActiveRecord: 0.0ms)


Started GET "/login.html" for ::1 at 2019-06-11 14:07:24 +0700
Processing by SessionsController#new as HTML
  Rendering sessions/new.html.erb
  Rendered layouts/utils/_flash.html.erb (0.5ms)
  Rendered sessions/new.html.erb (61.7ms)
Completed 200 OK in 64ms (Views: 63.2ms | ActiveRecord: 0.0ms)


Started GET "/" for ::1 at 2019-06-11 14:07:28 +0700
Processing by PagesController#index as HTML
  [1m[36mUser Load (0.3ms)[0m  [1m[34mSELECT  `users`.* FROM `users` WHERE `users`.`id` = 3 LIMIT 1[0m
  ↳ app/helpers/sessions_helper.rb:4
  Rendering pages/index.html.erb within layouts/application
  Rendered pages/index.html.erb within layouts/application (0.4ms)
  Rendered layouts/sidebars/_trainee.html.erb (0.5ms)
  Rendered layouts/_sidebar.html.erb (1.6ms)
  Rendered layouts/_topbar.html.erb (1.8ms)
  Rendered layouts/_footer.html.erb (0.5ms)
  Rendered layouts/_scroll_to_top_button.html.erb (0.2ms)
  Rendered layouts/_logout_modal.html.erb (0.7ms)
Completed 200 OK in 71ms (Views: 68.7ms | ActiveRecord: 0.3ms)


Started GET "/" for ::1 at 2019-06-11 14:07:57 +0700
Processing by PagesController#index as HTML
  [1m[36mUser Load (0.2ms)[0m  [1m[34mSELECT  `users`.* FROM `users` WHERE `users`.`id` = 3 LIMIT 1[0m
  ↳ app/helpers/sessions_helper.rb:4
  Rendering pages/index.html.erb within layouts/application
  Rendered pages/index.html.erb within layouts/application (0.3ms)
  Rendered layouts/sidebars/_trainee.html.erb (0.7ms)
  Rendered layouts/_sidebar.html.erb (1.9ms)
  Rendered layouts/_topbar.html.erb (0.9ms)
  Rendered layouts/_footer.html.erb (1.2ms)
  Rendered layouts/_scroll_to_top_button.html.erb (0.2ms)
  Rendered layouts/_logout_modal.html.erb (0.2ms)
Completed 200 OK in 65ms (Views: 51.4ms | ActiveRecord: 1.0ms)


Started GET "/login.html" for ::1 at 2019-06-11 14:08:00 +0700
Processing by SessionsController#new as HTML
  Rendering sessions/new.html.erb
  Rendered layouts/utils/_flash.html.erb (0.3ms)
  Rendered sessions/new.html.erb (65.6ms)
Completed 200 OK in 68ms (Views: 67.3ms | ActiveRecord: 0.0ms)


Started GET "/" for ::1 at 2019-06-11 14:08:04 +0700
Processing by PagesController#index as HTML
  [1m[36mUser Load (5.8ms)[0m  [1m[34mSELECT  `users`.* FROM `users` WHERE `users`.`id` = 3 LIMIT 1[0m
  ↳ app/helpers/sessions_helper.rb:4
  Rendering pages/index.html.erb within layouts/application
  Rendered pages/index.html.erb within layouts/application (0.3ms)
  Rendered layouts/sidebars/_trainee.html.erb (2.5ms)
  Rendered layouts/_sidebar.html.erb (6.8ms)
  Rendered layouts/_topbar.html.erb (1.2ms)
  Rendered layouts/_footer.html.erb (0.3ms)
  Rendered layouts/_scroll_to_top_button.html.erb (0.1ms)
  Rendered layouts/_logout_modal.html.erb (0.2ms)
Completed 200 OK in 74ms (Views: 66.6ms | ActiveRecord: 5.8ms)


Started GET "/" for ::1 at 2019-06-11 14:09:37 +0700
  [1m[35m (0.2ms)[0m  [1m[35mSET NAMES utf8,  @@SESSION.sql_mode = CONCAT(CONCAT(@@sql_mode, ',STRICT_ALL_TABLES'), ',NO_AUTO_VALUE_ON_ZERO'),  @@SESSION.sql_auto_is_null = 0, @@SESSION.wait_timeout = 2147483[0m
  ↳ /home/nguyen.thanh.tu/.rbenv/versions/2.5.5/lib/ruby/gems/2.5.0/gems/activerecord-5.2.3/lib/active_record/log_subscriber.rb:98
  [1m[35m (0.2ms)[0m  [1m[34mSELECT `schema_migrations`.`version` FROM `schema_migrations` ORDER BY `schema_migrations`.`version` ASC[0m
  ↳ /home/nguyen.thanh.tu/.rbenv/versions/2.5.5/lib/ruby/gems/2.5.0/gems/activerecord-5.2.3/lib/active_record/log_subscriber.rb:98
Processing by PagesController#index as HTML
  [1m[36mUser Load (0.3ms)[0m  [1m[34mSELECT  `users`.* FROM `users` WHERE `users`.`id` = 3 LIMIT 1[0m
  ↳ app/helpers/sessions_helper.rb:4
  Rendering pages/index.html.erb within layouts/application
  Rendered pages/index.html.erb within layouts/application (1.0ms)
  Rendered layouts/sidebars/_trainee.html.erb (0.4ms)
  Rendered layouts/_sidebar.html.erb (2.0ms)
  Rendered layouts/_topbar.html.erb (0.6ms)
  Rendered layouts/_footer.html.erb (0.2ms)
  Rendered layouts/_scroll_to_top_button.html.erb (0.1ms)
  Rendered layouts/_logout_modal.html.erb (0.3ms)
Completed 200 OK in 194ms (Views: 167.4ms | ActiveRecord: 1.1ms)


Started GET "/logout" for ::1 at 2019-06-11 14:09:40 +0700
Processing by SessionsController#destroy as HTML
  Parameters: {"authenticity_token"=>"f7XIVlqSDXzuBa4Z528Pd0d8hQT5A0zH9/xqi1iPOFoHgcXR7yghIlHgNrRf+G2Ghm6jySR+UqAM0Nq6JB2O4Q=="}
  [1m[36mUser Load (2.0ms)[0m  [1m[34mSELECT  `users`.* FROM `users` WHERE `users`.`id` = 3 LIMIT 1[0m
  ↳ app/helpers/sessions_helper.rb:4
Redirected to http://localhost:3000/
Completed 302 Found in 5ms (ActiveRecord: 2.0ms)


Started GET "/" for ::1 at 2019-06-11 14:09:40 +0700
Processing by PagesController#index as HTML
Redirected to http://localhost:3000/login
Filter chain halted as :require_login rendered or redirected
Completed 302 Found in 1ms (ActiveRecord: 0.0ms)


Started GET "/login" for ::1 at 2019-06-11 14:09:40 +0700
Processing by SessionsController#new as HTML
  Rendering sessions/new.html.erb
  Rendered layouts/utils/_flash.html.erb (0.4ms)
  Rendered sessions/new.html.erb (86.0ms)
Completed 200 OK in 89ms (Views: 88.8ms | ActiveRecord: 0.0ms)


Started GET "/" for ::1 at 2019-06-11 14:09:44 +0700
Processing by PagesController#index as HTML
Redirected to http://localhost:3000/login
Filter chain halted as :require_login rendered or redirected
Completed 302 Found in 1ms (ActiveRecord: 0.0ms)


Started GET "/login" for ::1 at 2019-06-11 14:09:44 +0700
Processing by SessionsController#new as HTML
  Rendering sessions/new.html.erb
  Rendered layouts/utils/_flash.html.erb (0.4ms)
  Rendered sessions/new.html.erb (58.6ms)
Completed 200 OK in 60ms (Views: 59.3ms | ActiveRecord: 0.0ms)


Started POST "/login" for ::1 at 2019-06-11 14:09:55 +0700
Processing by SessionsController#create as HTML
  Parameters: {"utf8"=>"✓", "authenticity_token"=>"cBkxhZjpWizejtUU5T7/FSQmf1Kv/QuUbf0Q6MqWLMkILTwCLVN2cmFrTbldqZ3k5TRZn3KAFfOW0aDZtgSacg==", "email"=>"supervisor@sun-asterisk.com", "password"=>"[FILTERED]", "commit"=>"Login"}
  [1m[36mUser Load (0.4ms)[0m  [1m[34mSELECT  `users`.* FROM `users` WHERE `users`.`email` = 'supervisor@sun-asterisk.com' LIMIT 1[0m
  ↳ app/controllers/sessions_controller.rb:9
Redirected to http://localhost:3000/
Completed 302 Found in 199ms (ActiveRecord: 0.4ms)


Started GET "/" for ::1 at 2019-06-11 14:09:55 +0700
Processing by PagesController#index as HTML
  [1m[36mUser Load (0.3ms)[0m  [1m[34mSELECT  `users`.* FROM `users` WHERE `users`.`id` = 2 LIMIT 1[0m
  ↳ app/helpers/sessions_helper.rb:4
  Rendering pages/index.html.erb within layouts/application
  Rendered pages/index.html.erb within layouts/application (0.4ms)
  Rendered layouts/sidebars/_supervisor.html.erb (0.3ms)
  Rendered layouts/_sidebar.html.erb (1.6ms)
  Rendered layouts/_topbar.html.erb (0.4ms)
  Rendered layouts/_footer.html.erb (0.2ms)
  Rendered layouts/_scroll_to_top_button.html.erb (0.1ms)
  Rendered layouts/_logout_modal.html.erb (0.2ms)
Completed 200 OK in 50ms (Views: 48.8ms | ActiveRecord: 0.3ms)


Started GET "/" for ::1 at 2019-06-11 14:26:28 +0700
  [1m[35m (0.2ms)[0m  [1m[35mSET NAMES utf8,  @@SESSION.sql_mode = CONCAT(CONCAT(@@sql_mode, ',STRICT_ALL_TABLES'), ',NO_AUTO_VALUE_ON_ZERO'),  @@SESSION.sql_auto_is_null = 0, @@SESSION.wait_timeout = 2147483[0m
  ↳ /home/nguyen.thanh.tu/.rbenv/versions/2.5.5/lib/ruby/gems/2.5.0/gems/activerecord-5.2.3/lib/active_record/log_subscriber.rb:98
  [1m[35m (1.6ms)[0m  [1m[34mSELECT `schema_migrations`.`version` FROM `schema_migrations` ORDER BY `schema_migrations`.`version` ASC[0m
  ↳ /home/nguyen.thanh.tu/.rbenv/versions/2.5.5/lib/ruby/gems/2.5.0/gems/activerecord-5.2.3/lib/active_record/log_subscriber.rb:98
Processing by PagesController#index as HTML
  [1m[36mUser Load (0.5ms)[0m  [1m[34mSELECT  `users`.* FROM `users` WHERE `users`.`id` = 2 LIMIT 1[0m
  ↳ app/helpers/sessions_helper.rb:4
  Rendering pages/index.html.erb within layouts/application
  Rendered pages/index.html.erb within layouts/application (1.7ms)
  Rendered layouts/sidebars/_supervisor.html.erb (0.3ms)
  Rendered layouts/_sidebar.html.erb (1.7ms)
  Rendered layouts/_topbar.html.erb (0.5ms)
  Rendered layouts/_footer.html.erb (0.2ms)
  Rendered layouts/_scroll_to_top_button.html.erb (0.1ms)
  Rendered layouts/_logout_modal.html.erb (0.3ms)
Completed 200 OK in 226ms (Views: 182.2ms | ActiveRecord: 2.6ms)


Started GET "/logout" for ::1 at 2019-06-11 14:26:33 +0700
Processing by SessionsController#destroy as HTML
  Parameters: {"authenticity_token"=>"mg72wcSb1s7nYMJleLV6M23ORTEp8/A9V6pHiZc1EU7iOvtGcSH6kFiFWsjAIhjCrNxj/PSO7lqshve466en9Q=="}
  [1m[36mUser Load (0.4ms)[0m  [1m[34mSELECT  `users`.* FROM `users` WHERE `users`.`id` = 2 LIMIT 1[0m
  ↳ app/helpers/sessions_helper.rb:4
Redirected to http://localhost:3000/
Completed 302 Found in 3ms (ActiveRecord: 0.4ms)


Started GET "/" for ::1 at 2019-06-11 14:26:33 +0700
Processing by PagesController#index as HTML
Redirected to http://localhost:3000/login
Filter chain halted as :require_login rendered or redirected
Completed 302 Found in 1ms (ActiveRecord: 0.0ms)


Started GET "/login" for ::1 at 2019-06-11 14:26:33 +0700
Processing by SessionsController#new as HTML
  Rendering sessions/new.html.erb
  Rendered layouts/utils/_flash.html.erb (0.5ms)
  Rendered sessions/new.html.erb (80.6ms)
Completed 200 OK in 82ms (Views: 81.7ms | ActiveRecord: 0.0ms)


Started POST "/login" for ::1 at 2019-06-11 14:26:44 +0700
Processing by SessionsController#create as HTML
  Parameters: {"utf8"=>"✓", "authenticity_token"=>"rvg5SWeve7W0AvSfiCGclPK+S6a5nJhjLWaPU4IXMDXWzDTO0hVX6wvnbDIwtv5lM6xta2ThhgTWSj9i/oWGjg==", "email"=>"supervisor@sun-asterisk.com", "password"=>"[FILTERED]", "commit"=>"Login"}
  [1m[36mUser Load (0.3ms)[0m  [1m[34mSELECT  `users`.* FROM `users` WHERE `users`.`email` = 'supervisor@sun-asterisk.com' LIMIT 1[0m
  ↳ app/controllers/sessions_controller.rb:9
Redirected to http://localhost:3000/
Completed 302 Found in 203ms (ActiveRecord: 0.3ms)


Started GET "/" for ::1 at 2019-06-11 14:26:44 +0700
Processing by PagesController#index as HTML
  [1m[36mUser Load (0.5ms)[0m  [1m[34mSELECT  `users`.* FROM `users` WHERE `users`.`id` = 2 LIMIT 1[0m
  ↳ app/helpers/sessions_helper.rb:4
  Rendering pages/index.html.erb within layouts/application
  Rendered pages/index.html.erb within layouts/application (0.6ms)
  Rendered layouts/sidebars/_supervisor.html.erb (0.5ms)
  Rendered layouts/_sidebar.html.erb (1.5ms)
  Rendered layouts/_topbar.html.erb (0.5ms)
  Rendered layouts/_footer.html.erb (0.2ms)
  Rendered layouts/_scroll_to_top_button.html.erb (0.1ms)
  Rendered layouts/_logout_modal.html.erb (0.2ms)
Completed 200 OK in 61ms (Views: 56.7ms | ActiveRecord: 0.5ms)


Started GET "/logout" for ::1 at 2019-06-11 14:26:52 +0700
Processing by SessionsController#destroy as HTML
  Parameters: {"authenticity_token"=>"8gaVAX2A/CELeVdv6EkIV+agehBKd+jOyeThtcev3vSKMpiGyDrQf7Scz8JQ3mqmJ7Jc3ZcK9qkyyFGEuz1oTw=="}
  [1m[36mUser Load (0.8ms)[0m  [1m[34mSELECT  `users`.* FROM `users` WHERE `users`.`id` = 2 LIMIT 1[0m
  ↳ app/helpers/sessions_helper.rb:4
Redirected to http://localhost:3000/
Completed 302 Found in 2ms (ActiveRecord: 0.8ms)


Started GET "/" for ::1 at 2019-06-11 14:26:52 +0700
Processing by PagesController#index as HTML
Redirected to http://localhost:3000/login
Filter chain halted as :require_login rendered or redirected
Completed 302 Found in 1ms (ActiveRecord: 0.0ms)


Started GET "/login" for ::1 at 2019-06-11 14:26:52 +0700
Processing by SessionsController#new as HTML
  Rendering sessions/new.html.erb
  Rendered layouts/utils/_flash.html.erb (0.3ms)
  Rendered sessions/new.html.erb (46.4ms)
Completed 200 OK in 48ms (Views: 47.0ms | ActiveRecord: 0.0ms)


Started POST "/login" for ::1 at 2019-06-11 14:30:32 +0700
Processing by SessionsController#create as HTML
  Parameters: {"utf8"=>"✓", "authenticity_token"=>"EGwmvIxCmBwUhpfs2C9G0JsOxQ3gJZ6QpQTjmlXj3VhoWCs7Ofi0QqtjD0FguCQhWhzjwD1YgPdeKFOrKXFr4w==", "email"=>"admin@sun-asterisk.com", "password"=>"[FILTERED]", "commit"=>"Login"}
  [1m[36mUser Load (0.3ms)[0m  [1m[34mSELECT  `users`.* FROM `users` WHERE `users`.`email` = 'admin@sun-asterisk.com' LIMIT 1[0m
  ↳ app/controllers/sessions_controller.rb:9
Redirected to http://localhost:3000/
Completed 302 Found in 214ms (ActiveRecord: 2.2ms)


Started GET "/" for ::1 at 2019-06-11 14:30:32 +0700
Processing by PagesController#index as HTML
  [1m[36mUser Load (0.7ms)[0m  [1m[34mSELECT  `users`.* FROM `users` WHERE `users`.`id` = 1 LIMIT 1[0m
  ↳ app/helpers/sessions_helper.rb:4
  Rendering pages/index.html.erb within layouts/application
  Rendered pages/index.html.erb within layouts/application (0.3ms)
  Rendered layouts/sidebars/_admin.html.erb (0.3ms)
  Rendered layouts/_sidebar.html.erb (1.1ms)
  Rendered layouts/_topbar.html.erb (0.5ms)
  Rendered layouts/_footer.html.erb (0.3ms)
  Rendered layouts/_scroll_to_top_button.html.erb (0.1ms)
  Rendered layouts/_logout_modal.html.erb (0.2ms)
Completed 200 OK in 45ms (Views: 40.7ms | ActiveRecord: 0.7ms)


Started GET "/" for ::1 at 2019-06-11 14:36:44 +0700
  [1m[35m (0.2ms)[0m  [1m[35mSET NAMES utf8,  @@SESSION.sql_mode = CONCAT(CONCAT(@@sql_mode, ',STRICT_ALL_TABLES'), ',NO_AUTO_VALUE_ON_ZERO'),  @@SESSION.sql_auto_is_null = 0, @@SESSION.wait_timeout = 2147483[0m
  ↳ /home/nguyen.thanh.tu/.rbenv/versions/2.5.5/lib/ruby/gems/2.5.0/gems/activerecord-5.2.3/lib/active_record/log_subscriber.rb:98
  [1m[35m (0.2ms)[0m  [1m[34mSELECT `schema_migrations`.`version` FROM `schema_migrations` ORDER BY `schema_migrations`.`version` ASC[0m
  ↳ /home/nguyen.thanh.tu/.rbenv/versions/2.5.5/lib/ruby/gems/2.5.0/gems/activerecord-5.2.3/lib/active_record/log_subscriber.rb:98
Processing by PagesController#index as HTML
  [1m[36mUser Load (0.3ms)[0m  [1m[34mSELECT  `users`.* FROM `users` WHERE `users`.`id` = 1 LIMIT 1[0m
  ↳ app/helpers/sessions_helper.rb:4
  Rendering pages/index.html.erb within layouts/application
  Rendered pages/index.html.erb within layouts/application (1.5ms)
  Rendered layouts/sidebars/_admin.html.erb (0.8ms)
  Rendered layouts/_sidebar.html.erb (2.9ms)
  Rendered layouts/_topbar.html.erb (3.2ms)
  Rendered layouts/_footer.html.erb (0.5ms)
  Rendered layouts/_scroll_to_top_button.html.erb (0.1ms)
  Rendered layouts/_logout_modal.html.erb (0.3ms)
Completed 200 OK in 886ms (Views: 853.5ms | ActiveRecord: 1.4ms)


Started GET "/logout" for ::1 at 2019-06-11 14:36:49 +0700
Processing by SessionsController#destroy as HTML
  Parameters: {"authenticity_token"=>"PYpqDHgC0mhf1kZXwhUhjWj3E3CSSFq1A5JjtqiGvRxFvmeLzbj+NuAz3vp6gkN8qeU1vU81RNL4vtOH1BQLpw=="}
  [1m[36mUser Load (1.7ms)[0m  [1m[34mSELECT  `users`.* FROM `users` WHERE `users`.`id` = 1 LIMIT 1[0m
  ↳ app/helpers/sessions_helper.rb:4
Redirected to http://localhost:3000/login
Completed 302 Found in 5ms (ActiveRecord: 1.7ms)


Started GET "/login" for ::1 at 2019-06-11 14:36:49 +0700
Processing by SessionsController#new as HTML
  Rendering sessions/new.html.erb
  Rendered layouts/utils/_flash.html.erb (0.3ms)
  Rendered sessions/new.html.erb (61.8ms)
Completed 200 OK in 66ms (Views: 65.7ms | ActiveRecord: 0.0ms)


Started GET "/" for ::1 at 2019-06-11 15:19:54 +0700
  [1m[35m (0.3ms)[0m  [1m[35mSET NAMES utf8,  @@SESSION.sql_mode = CONCAT(CONCAT(@@sql_mode, ',STRICT_ALL_TABLES'), ',NO_AUTO_VALUE_ON_ZERO'),  @@SESSION.sql_auto_is_null = 0, @@SESSION.wait_timeout = 2147483[0m
  ↳ /home/nguyen.thanh.tu/.rbenv/versions/2.5.5/lib/ruby/gems/2.5.0/gems/activerecord-5.2.3/lib/active_record/log_subscriber.rb:98
  [1m[35m (0.2ms)[0m  [1m[34mSELECT `schema_migrations`.`version` FROM `schema_migrations` ORDER BY `schema_migrations`.`version` ASC[0m
  ↳ /home/nguyen.thanh.tu/.rbenv/versions/2.5.5/lib/ruby/gems/2.5.0/gems/activerecord-5.2.3/lib/active_record/log_subscriber.rb:98
Processing by PagesController#index as HTML
Redirected to http://localhost:3000/login
Filter chain halted as :require_login rendered or redirected
Completed 302 Found in 11ms (ActiveRecord: 0.0ms)


Started GET "/login" for ::1 at 2019-06-11 15:19:54 +0700
Processing by SessionsController#new as HTML
  Rendering sessions/new.html.erb within layouts/login_layout
  Rendered layouts/utils/_flash.html.erb (0.5ms)
  Rendered sessions/_form.html.erb (8.4ms)
  Rendered sessions/new.html.erb within layouts/login_layout (13.5ms)
Completed 200 OK in 235ms (Views: 234.7ms | ActiveRecord: 0.0ms)


Started GET "/login" for ::1 at 2019-06-11 15:20:33 +0700
Processing by SessionsController#new as HTML
  Rendering sessions/new.html.erb within layouts/login_layout
  Rendered layouts/utils/_flash.html.erb (0.9ms)
  Rendered sessions/_form.html.erb (6.2ms)
  Rendered sessions/new.html.erb within layouts/login_layout (11.9ms)
Completed 200 OK in 87ms (Views: 86.2ms | ActiveRecord: 0.0ms)


Started POST "/login" for ::1 at 2019-06-11 15:20:35 +0700
Processing by SessionsController#create as HTML
  Parameters: {"utf8"=>"✓", "authenticity_token"=>"7A2Urj3uVyufDXvw0bYa+QscvGvvN6ykdijA6ycM79CUOZkpiFR7dSDo411pIXgIyg6apjJKssONBHDaW55Zaw==", "email"=>"you2@gmail.com", "password"=>"[FILTERED]", "commit"=>"Login"}
  [1m[36mUser Load (0.2ms)[0m  [1m[34mSELECT  `users`.* FROM `users` WHERE `users`.`email` = 'you2@gmail.com' LIMIT 1[0m
  ↳ app/controllers/sessions_controller.rb:9
Redirected to http://localhost:3000/login
Completed 302 Found in 25ms (ActiveRecord: 0.6ms)


Started GET "/login" for ::1 at 2019-06-11 15:20:35 +0700
Processing by SessionsController#new as HTML
  Rendering sessions/new.html.erb within layouts/login_layout
  Rendered layouts/utils/_flash.html.erb (0.6ms)
  Rendered sessions/_form.html.erb (7.7ms)
  Rendered sessions/new.html.erb within layouts/login_layout (10.0ms)
Completed 200 OK in 60ms (Views: 59.6ms | ActiveRecord: 0.0ms)


Started POST "/login" for ::1 at 2019-06-11 15:20:36 +0700
Processing by SessionsController#create as HTML
  Parameters: {"utf8"=>"✓", "authenticity_token"=>"NOeFDbv2lgT9Ls6yxPHoUtBhm4jIGfJEIST64SZKtepM04iKDky6WkLLVh98ZoqjEXO9RRVk7CPaCErQWtgDUQ==", "email"=>"you2@gmail.com", "password"=>"[FILTERED]", "commit"=>"Login"}
  [1m[36mUser Load (0.6ms)[0m  [1m[34mSELECT  `users`.* FROM `users` WHERE `users`.`email` = 'you2@gmail.com' LIMIT 1[0m
  ↳ app/controllers/sessions_controller.rb:9
Redirected to http://localhost:3000/login
Completed 302 Found in 4ms (ActiveRecord: 0.6ms)


Started GET "/login" for ::1 at 2019-06-11 15:20:36 +0700
Processing by SessionsController#new as HTML
  Rendering sessions/new.html.erb within layouts/login_layout
  Rendered layouts/utils/_flash.html.erb (0.4ms)
  Rendered sessions/_form.html.erb (2.2ms)
  Rendered sessions/new.html.erb within layouts/login_layout (4.7ms)
Completed 200 OK in 52ms (Views: 51.7ms | ActiveRecord: 0.0ms)


Started GET "/login" for ::1 at 2019-06-11 15:20:43 +0700
Processing by SessionsController#new as HTML
  Rendering sessions/new.html.erb within layouts/login_layout
  Rendered layouts/utils/_flash.html.erb (0.2ms)
  Rendered sessions/_form.html.erb (0.8ms)
  Rendered sessions/new.html.erb within layouts/login_layout (2.0ms)
Completed 200 OK in 49ms (Views: 48.9ms | ActiveRecord: 0.0ms)


Started POST "/login" for ::1 at 2019-06-11 15:20:44 +0700
Processing by SessionsController#create as HTML
  Parameters: {"utf8"=>"✓", "authenticity_token"=>"XGN2hme/ppsHcQ++IFIvBLghnA0QqeFbUDz4YifhGj8kV3sB0gWKxbiUlxOYxU31eTO6wM3U/zyrEEhTW3OshA==", "email"=>"you2@gmail.com", "password"=>"[FILTERED]", "commit"=>"Login"}
  [1m[36mUser Load (0.3ms)[0m  [1m[34mSELECT  `users`.* FROM `users` WHERE `users`.`email` = 'you2@gmail.com' LIMIT 1[0m
  ↳ app/controllers/sessions_controller.rb:9
Redirected to http://localhost:3000/login
Completed 302 Found in 15ms (ActiveRecord: 1.1ms)


Started GET "/login" for ::1 at 2019-06-11 15:20:44 +0700
Processing by SessionsController#new as HTML
  Rendering sessions/new.html.erb within layouts/login_layout
  Rendered layouts/utils/_flash.html.erb (0.5ms)
  Rendered sessions/_form.html.erb (1.5ms)
  Rendered sessions/new.html.erb within layouts/login_layout (4.1ms)
Completed 200 OK in 46ms (Views: 44.1ms | ActiveRecord: 0.0ms)


Started POST "/login" for ::1 at 2019-06-11 15:20:45 +0700
Processing by SessionsController#create as HTML
  Parameters: {"utf8"=>"✓", "authenticity_token"=>"oqz2s50OO7Ciqd0Pni2oy9WLZ/XlAHdlAUnebcjM3AvamPs0KLQX7h1MRaImuso6FJlBODh9aQL6ZW5ctF5qsA==", "email"=>"you2@gmail.com", "password"=>"[FILTERED]", "commit"=>"Login"}
  [1m[36mUser Load (0.6ms)[0m  [1m[34mSELECT  `users`.* FROM `users` WHERE `users`.`email` = 'you2@gmail.com' LIMIT 1[0m
  ↳ app/controllers/sessions_controller.rb:9
Redirected to http://localhost:3000/login
Completed 302 Found in 3ms (ActiveRecord: 0.6ms)


Started GET "/login" for ::1 at 2019-06-11 15:20:45 +0700
Processing by SessionsController#new as HTML
  Rendering sessions/new.html.erb within layouts/login_layout
  Rendered layouts/utils/_flash.html.erb (0.2ms)
  Rendered sessions/_form.html.erb (4.7ms)
  Rendered sessions/new.html.erb within layouts/login_layout (6.4ms)
Completed 200 OK in 57ms (Views: 56.0ms | ActiveRecord: 0.0ms)


Started POST "/login" for ::1 at 2019-06-11 15:20:45 +0700
Processing by SessionsController#create as HTML
  Parameters: {"utf8"=>"✓", "authenticity_token"=>"HxHTnw7jXXKogmYu8KF+JfHGlGnO06PSK31uIoYwL19nJd4Yu1lxLBdn/oNINhzUMNSypBOuvbXQUd4T+qKZ5A==", "email"=>"you2@gmail.com", "password"=>"[FILTERED]", "commit"=>"Login"}
  [1m[36mUser Load (0.7ms)[0m  [1m[34mSELECT  `users`.* FROM `users` WHERE `users`.`email` = 'you2@gmail.com' LIMIT 1[0m
  ↳ app/controllers/sessions_controller.rb:9
Redirected to http://localhost:3000/login
Completed 302 Found in 5ms (ActiveRecord: 0.7ms)


Started GET "/login" for ::1 at 2019-06-11 15:20:45 +0700
Processing by SessionsController#new as HTML
  Rendering sessions/new.html.erb within layouts/login_layout
  Rendered layouts/utils/_flash.html.erb (0.4ms)
  Rendered sessions/_form.html.erb (1.5ms)
  Rendered sessions/new.html.erb within layouts/login_layout (4.1ms)
Completed 200 OK in 46ms (Views: 45.5ms | ActiveRecord: 0.0ms)


Started POST "/login" for ::1 at 2019-06-11 15:20:46 +0700
Processing by SessionsController#create as HTML
  Parameters: {"utf8"=>"✓", "authenticity_token"=>"Zb2PZZ4nlSbMxyzP3yQUBgU+YWWat8zu+7uPxG+mOKQdiYLiK525eHMitGJns3b3xCxHqEfK0okAlz/1EzSOHw==", "email"=>"you2@gmail.com", "password"=>"[FILTERED]", "commit"=>"Login"}
  [1m[36mUser Load (1.0ms)[0m  [1m[34mSELECT  `users`.* FROM `users` WHERE `users`.`email` = 'you2@gmail.com' LIMIT 1[0m
  ↳ app/controllers/sessions_controller.rb:9
Redirected to http://localhost:3000/login
Completed 302 Found in 5ms (ActiveRecord: 1.0ms)


Started GET "/login" for ::1 at 2019-06-11 15:20:46 +0700
Processing by SessionsController#new as HTML
  Rendering sessions/new.html.erb within layouts/login_layout
  Rendered layouts/utils/_flash.html.erb (1.2ms)
  Rendered sessions/_form.html.erb (3.1ms)
  Rendered sessions/new.html.erb within layouts/login_layout (8.6ms)
Completed 200 OK in 61ms (Views: 60.4ms | ActiveRecord: 0.0ms)


